2025-08-03 11:45:10,253 - os.name - Windows 11
2025-08-03 11:45:10,254 - os.arch - amd64
2025-08-03 11:45:10,254 - os.version - 10.0
2025-08-03 11:45:10,254 - java.version - 17.0.6
2025-08-03 11:45:10,254 - java.vendor - Eclipse Adoptium
2025-08-03 11:45:10,254 - java.vendor.url - https://adoptium.net/
2025-08-03 11:45:10,254 - java.home - C:\ProgramData\chocolatey\lib\SpringToolSuite\tools\sts-4.17.2.RELEASE\plugins\org.eclipse.justj.openjdk.hotspot.jre.full.win32.x86_64_17.0.6.v20230125-1136\jre
2025-08-03 11:45:10,254 - java.vm.specification.name - Java Virtual Machine Specification
2025-08-03 11:45:10,254 - java.vm.specification.vendor - Oracle Corporation
2025-08-03 11:45:10,254 - java.vm.specification.version - 17
2025-08-03 11:45:10,254 - java.class.path - C:\ProgramData\chocolatey\lib\SpringToolSuite\tools\sts-4.17.2.RELEASE\\plugins/org.eclipse.equinox.launcher_1.6.400.v20210924-0641.jar
2025-08-03 11:45:10,254 - java.library.path - C:\ProgramData\chocolatey\lib\SpringToolSuite\tools\sts-4.17.2.RELEASE;C:\WINDOWS\Sun\Java\bin;C:\WINDOWS\system32;C:\WINDOWS;C:/ProgramData/chocolatey/lib/SpringToolSuite/tools/sts-4.17.2.RELEASE//plugins/org.eclipse.justj.openjdk.hotspot.jre.full.win32.x86_64_17.0.6.v20230125-1136/jre/bin/server;C:/ProgramData/chocolatey/lib/SpringToolSuite/tools/sts-4.17.2.RELEASE//plugins/org.eclipse.justj.openjdk.hotspot.jre.full.win32.x86_64_17.0.6.v20230125-1136/jre/bin;C:\Program Files\Microsoft MPI\Bin\;C:\Program Files\Microsoft\jdk-11.0.16.101-hotspot\bin;C:\Program Files\Common Files\Oracle\Java\javapath;C:\Program Files (x86)\Common Files\Oracle\Java\java8path;C:\Program Files (x86)\Common Files\Oracle\Java\javapath;C:\app\ASUS\product\21c\dbhomeXE\bin;C:\Program Files (x86)\VMware\VMware Player\bin\;C:\Users\ASUS\AppData\Local\Microsoft\WindowsApps;C:\Users\ASUS\AppData\Local\Programs\Microsoft VS Code\bin;C:\Program Files\JetBrains\PhpStorm 2022.2.3\bin;C:\Users\ASUS\AppData\Roaming\npm;C:\Users\ASUS\AppData\Roaming\Composer\vendor\bin;C:\Program Files\PostgreSQL\14\bin;C:\Program Files\Java\jdk-19\bin;C:\Program Files\Microsoft SQL Server\Client SDK\ODBC\170\Tools\Binn\;C:\Program Files\Java\jdk-19\bin;C:\src\flutter\bin\cache\dart-sdk\bin;C:\Users\ASUS\AppData\Local\Pub\Cache\bin;%JRE_HOME%\bin;C:\Users\ASUS\AppData\Local\Programs\Python\Python311;C:\composer;C:\Program Files (x86)\Microsoft SQL Server\160\Tools\Binn\;C:\Program Files\Microsoft SQL Server\160\Tool;C:\Program Files\nodejs\;C:\Program Files\Java\maven\apache-maven-3.8.6\bin;C:\Program Files\TortoiseSVN\bin;C:\Program Files\Java\jdk-21\bin;C:\Program Files\Git\cmd;C:\ProgramData\chocolatey\bin;C:\Windows\System32;C:\Program Files\dotnet\;C:\Program Files\Microsoft SQL Server\150\DTS\Binn\;C:\Program Files (x86)\Microsoft SQL Server\150\DTS\Binn\;C:\Program Files\Docker\Docker\resources\bin;C:\Program Files\Microsoft SQL Server\160\DTS\Binn\;C:\Program Files\Microsoft MPI\Bin\;C:\Program Files\Microsoft\jdk-11.0.16.101-hotspot\bin;C:\Program Files\Common Files\Oracle\Java\javapath;C:\Program Files (x86)\Common Files\Oracle\Java\java8path;C:\Program Files (x86)\Common Files\Oracle\Java\javapath;C:\app\ASUS\product\21c\dbhomeXE\bin;C:\Program Files (x86)\VMware\VMware Player\bin\;C:\Users\ASUS\AppData\Local\Microsoft\WindowsApps;C:\Users\ASUS\AppData\Local\Programs\Microsoft VS Code\bin;C:\Program Files\JetBrains\PhpStorm 2022.2.3\bin;C:\Users\ASUS\AppData\Roaming\npm;C:\Users\ASUS\AppData\Roaming\Composer\vendor\bin;C:\Program Files\PostgreSQL\14\bin;C:\Program Files\Java\jdk-19\bin;C:\Program Files\Microsoft SQL Server\Client SDK\ODBC\170\Tools\Binn\;C:\Program Files\Java\jdk-19\bin;C:\src\flutter\bin\cache\dart-sdk\bin;C:\Users\ASUS\AppData\Local\Pub\Cache\bin;%JRE_HOME%\bin;C:\Users\ASUS\AppData\Local\Programs\Python\Python311;C:\composer;C:\Program Files (x86)\Microsoft SQL Server\160\Tools\Binn\;C:\Program Files\Microsoft SQL Server\160\Tool;C:\Program Files\\Elastic\Beats\8.17.0\metricbeat;C:\Users\ASUS\.lmstudio\bin;C:\Program Files\Java\jdk-21\bin;C:\Program Files\Git\cmd;C:\ProgramData\chocolatey\bin;C:\Windows\System32;C:\Users\ASUS\.dotnet\tools;C:\Users\ASUS\AppData\Local\Google\Cloud SDK\google-cloud-sdk\bin;C:\ProgramData\chocolatey\bin;;.
2025-08-03 11:45:10,255 - --------------------------------------
2025-08-03 11:45:10,255 - ## Eclipse Plug-ins Log Information ##
2025-08-03 11:45:10,255 - --------------------------------------
2025-08-03 11:45:10,296 - org.tigris.subversion.subclipse.core - 4.3.4.202306191346
2025-08-03 11:45:10,298 - org.tigris.subversion.subclipse.ui - 4.3.4.202306191346
2025-08-03 11:45:10,299 - com.collabnet.subversion.merge - 4.2.0.1
2025-08-03 11:45:10,302 - org.tigris.subversion.clientadapter - 1.10.0
2025-08-03 11:45:10,307 - org.eclipse.andmore.hierarchyviewer - 0.5.1.201701251432
2025-08-03 11:45:10,314 - org.eclipse.sequoyah.device.backward - 2.1.0.N20120718-0509
2025-08-03 11:45:10,314 - org.eclipse.sequoyah.device.framework - 2.1.0.N20120718-0509
2025-08-03 11:45:10,315 - org.eclipse.sequoyah.device.framework.ui - 2.1.0.N20120718-0509
2025-08-03 11:45:10,316 - org.eclipse.sequoyah.device.service.start - 2.1.0.N20120718-0509
2025-08-03 11:45:10,316 - org.eclipse.sequoyah.device.service.stop - 2.1.0.N20120718-0509
2025-08-03 11:45:10,317 - org.eclipse.sequoyah.device.framework.wizard - 2.1.0.N20120718-0509
2025-08-03 11:45:10,324 - org.eclipse.cdt.managedbuilder.gnu.ui - 8.5.0.202211211546
2025-08-03 11:45:10,325 - org.eclipse.cdt.build.gcc.core - 2.0.0.202211181555
2025-08-03 11:45:10,325 - org.eclipse.cdt.build.gcc.ui - 1.2.0.202211062329
2025-08-03 11:45:10,329 - org.eclipse.gef - 3.16.0.202311222042
2025-08-03 11:45:10,334 - org.eclipse.cdt - 11.0.0.202211062329
2025-08-03 11:45:10,335 - org.eclipse.cdt.core - 8.0.0.202211292120
2025-08-03 11:45:10,336 - org.eclipse.cdt.codan.core - 4.2.0.202211062329
2025-08-03 11:45:10,337 - org.eclipse.cdt.codan.ui - 3.5.0.202211062329
2025-08-03 11:45:10,338 - org.eclipse.cdt.codan.core.cxx - 3.6.0.202211062329
2025-08-03 11:45:10,339 - org.eclipse.cdt.codan.ui.cxx - 3.7.0.202211101937
2025-08-03 11:45:10,340 - org.eclipse.cdt.codan.checkers - 3.5.0.202211062329
2025-08-03 11:45:10,341 - org.eclipse.cdt.codan.checkers.ui - 3.4.0.202211062329
2025-08-03 11:45:10,342 - org.eclipse.cdt.debug.core - 8.8.0.202211072232
2025-08-03 11:45:10,343 - org.eclipse.cdt.debug.ui - 8.5.0.202211100047
2025-08-03 11:45:10,346 - org.eclipse.cdt.make.core - 7.6.0.202211062329
2025-08-03 11:45:10,347 - org.eclipse.cdt.make.ui - 8.2.0.202211062329
2025-08-03 11:45:10,348 - org.eclipse.cdt.managedbuilder.core - 9.5.0.202211211546
2025-08-03 11:45:10,348 - org.eclipse.cdt.managedbuilder.headlessbuilderapp - 1.1.0.202211062329
2025-08-03 11:45:10,348 - org.eclipse.cdt.managedbuilder.ui - 9.4.0.202211211546
2025-08-03 11:45:10,352 - org.eclipse.cdt.ui - 8.0.0.202211292120
2025-08-03 11:45:10,352 - org.eclipse.cdt.doc.user - 5.5.0.202211211546
2025-08-03 11:45:10,353 - org.eclipse.cdt.dsf - 2.12.0.202211062329
2025-08-03 11:45:10,354 - org.eclipse.cdt.dsf.ui - 2.7.0.202211062329
2025-08-03 11:45:10,355 - org.eclipse.cdt.flatpak.launcher - 1.1.0.202211062329
2025-08-03 11:45:10,356 - org.eclipse.cdt.native.serial - 1.3.0.202211300214
2025-08-03 11:45:10,357 - org.eclipse.cdt.platform.branding - 11.0.0.202211062329
2025-08-03 11:45:10,362 - javax.persistence - 2.2.1.v201807122140
2025-08-03 11:45:10,364 - org.eclipse.jpt.jpa.annotate - 1.0.101.v201902121834
2025-08-03 11:45:10,365 - org.eclipse.jpt.jpa.core - 3.6.1.v202301061019
2025-08-03 11:45:10,366 - org.eclipse.jpt.jpa.db - 2.2.201.v202301061019
2025-08-03 11:45:10,367 - org.eclipse.jpt.jpa.db.ui - 2.1.201.v201902121834
2025-08-03 11:45:10,368 - org.eclipse.jpt.jpa.gen - 2.3.201.v202301061019
2025-08-03 11:45:10,370 - org.eclipse.jpt.jpa.ui - 3.6.100.v202305092307
2025-08-03 11:45:10,371 - org.eclipse.jpt.doc.user - 3.2.101.v201902121834
2025-08-03 11:45:10,372 - org.eclipse.persistence.jpa.jpql - 2.7.3.v20180807-4be1041
2025-08-03 11:45:10,375 - org.apache.commons.collections - 3.2.2.v20220405-1659
2025-08-03 11:45:10,385 - org.apache.commons.lang - 2.6.0.v20220406-2305
2025-08-03 11:45:10,387 - org.apache.velocity - 1.5.0.v200905192330
2025-08-03 11:45:10,387 - org.jdom - 1.1.1.v201101151400
2025-08-03 11:45:10,387 - org.eclipse.jpt.jpa.branding - 3.4.1.v201902121834
2025-08-03 11:45:10,393 - org.sonarlint.eclipse.core - 7.13.0.80073
2025-08-03 11:45:10,393 - org.sonarlint.eclipse.ui - 7.13.0.80073
2025-08-03 11:45:10,394 - org.sonarsource.sonarlint.core.sonarlint-core-osgi - 9.0.0.74282
2025-08-03 11:45:10,395 - org.sonarlint.eclipse.cdt - 7.13.0.80073
2025-08-03 11:45:10,395 - org.sonarlint.eclipse.jdt - 7.13.0.80073
2025-08-03 11:45:10,396 - org.sonarlint.eclipse.m2e - 7.13.0.80073
2025-08-03 11:45:10,398 - org.jetbrains.kotlin.osgi-bundle - 1.6.21
2025-08-03 11:45:10,399 - org.slf4j.api - 1.7.30.v20221112-0806
2025-08-03 11:45:10,404 - org.eclipse.emf.codegen.ui - 2.23.0.v20210412-0833
2025-08-03 11:45:10,408 - org.eclipse.datatools.enablement.sqlite - 1.3.0.202305310959
2025-08-03 11:45:10,409 - org.eclipse.datatools.enablement.sqlite.dbdefinition - 1.3.0.202305310959
2025-08-03 11:45:10,409 - org.eclipse.datatools.enablement.sqlite.ui - 1.3.0.202305310959
2025-08-03 11:45:10,409 - org.eclipse.datatools.enablement.finfo - 1.8.0.202305310959
2025-08-03 11:45:10,416 - org.eclipse.jpt.common.utility - 2.4.1.v202301061019
2025-08-03 11:45:10,417 - org.eclipse.jpt.common.core - 1.5.1.v202301061019
2025-08-03 11:45:10,418 - org.eclipse.jpt.common.ui - 1.4.201.v202301061019
2025-08-03 11:45:10,418 - org.eclipse.jpt.common.branding - 1.4.1.v201902121834
2025-08-03 11:45:10,422 - jsonedit-core - 1.1.3
2025-08-03 11:45:10,424 - jsonedit-folding - 1.1.3
2025-08-03 11:45:10,425 - jsonedit-model - 1.1.3
2025-08-03 11:45:10,425 - jsonedit-outline - 1.1.3
2025-08-03 11:45:10,427 - jsonedit-preferences - 1.1.3
2025-08-03 11:45:10,428 - jsonedit-text - 1.1.3
2025-08-03 11:45:10,428 - jsonedit-editor - 1.1.3
2025-08-03 11:45:10,433 - org.eclipse.emf.converter - 2.11.0.v20220706-1313
2025-08-03 11:45:10,436 - org.eclipse.emf.importer - 2.12.0.v20190321-1539
2025-08-03 11:45:10,437 - org.eclipse.emf.exporter - 2.10.0.v20190321-1530
2025-08-03 11:45:10,438 - org.eclipse.emf.importer.ecore - 2.10.0.v20200324-0723
2025-08-03 11:45:10,439 - org.eclipse.emf.importer.java - 2.11.0.v20200324-0723
2025-08-03 11:45:10,440 - org.eclipse.emf.importer.rose - 2.11.0.v20210405-0904
2025-08-03 11:45:10,446 - org.eclipse.emf.edit.ui - 2.22.0.v20220619-0533
2025-08-03 11:45:10,451 - org.eclipse.persistence.moxy - 2.7.3.v20180807-4be1041
2025-08-03 11:45:10,452 - org.eclipse.jpt.jaxb.eclipselink.core - 1.3.201.v201902121834
2025-08-03 11:45:10,453 - org.eclipse.jpt.jaxb.eclipselink.ui - 1.4.201.v201902121834
2025-08-03 11:45:10,454 - org.eclipse.jpt.jaxb.eclipselink.core.schemagen - 1.2.202.v202104080213
2025-08-03 11:45:10,454 - org.eclipse.jpt.jaxb.eclipselink.branding - 1.4.101.v201902121834
2025-08-03 11:45:10,459 - de.anbos.eclipse.easyshell.plugin - 2.3.0.v20230630-1658
2025-08-03 11:45:10,463 - org.eclipse.sequoyah.vnc.vncviewer.vncviews - 2.1.0.N20120718-0509
2025-08-03 11:45:10,467 - org.jdom - 1.1.1.v201101151400
2025-08-03 11:45:10,468 - org.eclipse.jst.ws.cxf.consumption.core - 1.0.400.v201902162149
2025-08-03 11:45:10,469 - org.eclipse.jst.ws.cxf.consumption.ui - 1.0.500.v201910301957
2025-08-03 11:45:10,469 - org.eclipse.jst.ws.cxf.core - 1.1.600.v202107101953
2025-08-03 11:45:10,469 - org.eclipse.jst.ws.cxf.creation.core - 1.0.500.v201902162149
2025-08-03 11:45:10,470 - org.eclipse.jst.ws.cxf.creation.ui - 1.0.400.v201910301957
2025-08-03 11:45:10,471 - org.eclipse.jst.ws.cxf.ui - 1.0.500.v202104210249
2025-08-03 11:45:10,472 - javax.wsdl - 1.6.2.v201012040545
2025-08-03 11:45:10,473 - javax.jws - 2.0.0.v201005080400
2025-08-03 11:45:10,475 - jakarta.xml.bind - 2.3.3.v20221203-1659
2025-08-03 11:45:10,476 - javax.xml.stream - 1.0.1.v201004272200
2025-08-03 11:45:10,478 - javax.xml.ws - 2.1.0.v200902101523
2025-08-03 11:45:10,484 - org.eclipse.datatools.sqltools.common.ui - 1.3.0.202311071249
2025-08-03 11:45:10,485 - org.eclipse.datatools.sqltools.debugger.core - 1.3.0.202311071249
2025-08-03 11:45:10,486 - org.eclipse.datatools.sqltools.editor.core - 1.3.0.202311071249
2025-08-03 11:45:10,486 - org.eclipse.datatools.sqltools.plan - 1.3.0.202311071249
2025-08-03 11:45:10,487 - org.eclipse.datatools.sqltools.routineeditor - 1.3.0.202311071249
2025-08-03 11:45:10,487 - org.eclipse.datatools.sqltools.sql - 1.3.0.202311071249
2025-08-03 11:45:10,488 - org.eclipse.datatools.sqltools.sqleditor - 1.3.0.202311071249
2025-08-03 11:45:10,488 - org.eclipse.datatools.sqltools.sqlscrapbook - 1.3.0.202311071249
2025-08-03 11:45:10,490 - org.eclipse.datatools.help - 1.8.0.202311071249
2025-08-03 11:45:10,491 - org.eclipse.datatools.sqltools.db.generic - 1.3.0.202311071249
2025-08-03 11:45:10,492 - org.eclipse.datatools.sqltools.debugger.core.ui - 1.3.0.202311071249
2025-08-03 11:45:10,493 - org.eclipse.datatools.sqltools.editor.core.ui - 1.3.0.202311071249
2025-08-03 11:45:10,494 - org.eclipse.datatools.sqltools.result.ui - 1.4.0.202311071249
2025-08-03 11:45:10,495 - org.eclipse.datatools.sqltools.routineeditor.ui - 1.3.0.202311071249
2025-08-03 11:45:10,495 - org.eclipse.datatools.sqltools.sql.ui - 1.3.0.202311071249
2025-08-03 11:45:10,501 - org.eclipse.m2e.wtp.jsf - 1.6.0.20230118-0812
2025-08-03 11:45:10,506 - org.objectweb.asm - 9.6
2025-08-03 11:45:10,507 - org.eclipse.andmore - 0.5.1.201701251432
2025-08-03 11:45:10,507 - org.eclipse.andmore.base - 0.5.1.201701251432
2025-08-03 11:45:10,507 - org.eclipse.andmore.ddms - 0.5.1.201701251432
2025-08-03 11:45:10,508 - org.eclipse.andmore.overlay - 0.5.1.201701251432
2025-08-03 11:45:10,511 - org.apache.commons.codec - 1.14.0.v20221112-0806
2025-08-03 11:45:10,515 - org.apache.commons.compress - 1.21.0.v20211103-2100
2025-08-03 11:45:10,517 - org.apache.httpcomponents.httpclient - 4.5.13.v20221112-0806
2025-08-03 11:45:10,519 - org.apache.httpcomponents.httpcore - 4.4.15.v20220209-2345
2025-08-03 11:45:10,525 - org.eclipse.datatools.modelbase.dbdefinition - 1.3.0.202305310959
2025-08-03 11:45:10,527 - org.eclipse.datatools.modelbase.sql.edit - 1.3.0.202305310959
2025-08-03 11:45:10,528 - org.eclipse.datatools.modelbase.sql.query - 1.4.0.202305310959
2025-08-03 11:45:10,530 - org.eclipse.datatools.modelbase.sql.query.edit - 1.3.0.202305310959
2025-08-03 11:45:10,531 - org.eclipse.datatools.modelbase.sql.xml.query - 1.3.0.202305310959
2025-08-03 11:45:10,531 - org.eclipse.datatools.modelbase.sql - 1.3.0.202305310959
2025-08-03 11:45:10,537 - org.eclipse.emf.mapping - 2.12.0.v20181104-0733
2025-08-03 11:45:10,549 - org.eclipse.jpt.jaxb.core - 1.4.101.v201902121834
2025-08-03 11:45:10,550 - org.eclipse.jpt.jaxb.core.schemagen - 1.1.202.v202104080213
2025-08-03 11:45:10,551 - org.eclipse.jpt.jaxb.ui - 1.5.200.v202301061019
2025-08-03 11:45:10,551 - org.eclipse.jpt.jaxb.branding - 1.4.1.v201902121834
2025-08-03 11:45:10,556 - org.eclipse.emf.mapping.ecore.editor - 2.8.0.v20180706-1146
2025-08-03 11:45:10,558 - org.eclipse.emf.mapping.ecore2ecore.editor - 2.10.0.v20181104-0733
2025-08-03 11:45:10,560 - org.eclipse.emf.mapping.ecore2xml.ui - 2.12.0.v20190528-0725
2025-08-03 11:45:10,566 - org.eclipse.datatools.enablement.finfo - 1.8.0.202305310959
2025-08-03 11:45:10,570 - org.eclipse.datatools.sqltools.db.derby.ui - 1.3.0.202305310959
2025-08-03 11:45:10,571 - org.eclipse.datatools.sqltools.db.generic.ui - 1.3.0.202305310959
2025-08-03 11:45:10,581 - org.eclipse.jst.ws.axis2.core - 1.0.300.v201903050508
2025-08-03 11:45:10,581 - org.eclipse.jst.ws.axis2.ui - 1.0.400.v201903050508
2025-08-03 11:45:10,582 - org.eclipse.jst.ws.axis2.consumption.core - 1.0.200.v201903050508
2025-08-03 11:45:10,583 - org.eclipse.jst.ws.axis2.consumption.ui - 1.0.200.v201903050508
2025-08-03 11:45:10,584 - org.eclipse.jst.ws.axis2.creation.core - 1.0.200.v201903050508
2025-08-03 11:45:10,586 - org.eclipse.jst.ws.axis2.creation.ui - 1.0.200.v201903050508
2025-08-03 11:45:10,587 - org.eclipse.jst.ws.axis2.ui.doc.user - 1.0.200.v201903222115
2025-08-03 11:45:10,592 - org.testng.eclipse - 7.8.0.202308061717
2025-08-03 11:45:10,596 - org.eclipse.emf.ecore.edit - 2.13.0.v20190822-1451
2025-08-03 11:45:10,597 - org.eclipse.emf.ecore.change.edit - 2.8.0.v20180706-1146
2025-08-03 11:45:10,601 - org.eclipse.sequoyah.vnc.protocol - 2.1.0.N20120718-0509
2025-08-03 11:45:10,610 - org.eclipse.persistence.antlr - 3.5.2.v201711011707
2025-08-03 11:45:10,613 - org.eclipse.persistence.asm - 6.2.0.v201808041549
2025-08-03 11:45:10,616 - org.eclipse.persistence.core - 2.7.3.v20180807-4be1041
2025-08-03 11:45:10,619 - org.eclipse.persistence.jpa - 2.7.3.v20180807-4be1041
2025-08-03 11:45:10,619 - org.eclipse.jpt.jpa.eclipselink.core - 2.4.101.v201902121834
2025-08-03 11:45:10,620 - org.eclipse.jpt.jpa.eclipselink.ui - 2.4.101.v202301061019
2025-08-03 11:45:10,622 - org.eclipse.jpt.jpa.eclipselink.core.ddlgen - 2.2.201.v201902121834
2025-08-03 11:45:10,622 - org.eclipse.jpt.jpa.eclipselink.branding - 3.4.1.v201902121834
2025-08-03 11:45:10,627 - org.eclipse.emf.mapping.ecore - 2.8.0.v20180706-1146
2025-08-03 11:45:10,628 - org.eclipse.emf.mapping.ecore2ecore - 2.11.0.v20180706-1146
2025-08-03 11:45:10,629 - org.eclipse.emf.mapping.ecore2xml - 2.11.0.v20180706-1146
2025-08-03 11:45:10,634 - org.eclipse.andmore.traceview - 0.5.1.201701251432
2025-08-03 11:45:10,638 - org.eclipse.m2e.wtp.jpa - 1.6.0.20230118-0812
2025-08-03 11:45:10,643 - org.eclipse.sequoyah.localization.android - 2.1.0.N20120718-0509
2025-08-03 11:45:10,645 - org.eclipse.sequoyah.localization.android.help - 2.1.1.N20120718-0509
2025-08-03 11:45:10,648 - org.eclipse.emf.codegen - 2.22.0.v20210420-0623
2025-08-03 11:45:10,655 - org.eclipse.wst.sse.ui - 1.7.600.v202211200019
2025-08-03 11:45:10,656 - org.eclipse.wst.xml.ui - 1.2.700.v202305221615
2025-08-03 11:45:10,661 - org.eclipse.emf - 2.8.0.v20180706-1146
2025-08-03 11:45:10,666 - org.eclipse.datatools.doc.user - 1.15.0.202311071249
2025-08-03 11:45:10,667 - org.eclipse.datatools.oda.cshelp - 1.5.0.202311071249
2025-08-03 11:45:10,667 - org.eclipse.datatools.help - 1.8.0.202311071249
2025-08-03 11:45:10,671 - org.eclipse.jst.ws.jaxws.core - 1.0.600.v202104210249
2025-08-03 11:45:10,672 - org.eclipse.jst.ws.jaxws.ui - 1.0.600.v202008101342
2025-08-03 11:45:10,672 - javax.xml.ws - 2.1.0.v200902101523
2025-08-03 11:45:10,672 - javax.jws - 2.0.0.v201005080400
2025-08-03 11:45:10,673 - org.eclipse.jst.ws.annotations.core - 1.2.200.v202008101342
2025-08-03 11:45:10,673 - jakarta.xml.bind - 2.3.3.v20221203-1659
2025-08-03 11:45:10,673 - javax.xml.stream - 1.0.1.v201004272200
2025-08-03 11:45:10,673 - org.eclipse.jst.ws.jaxb.core - 1.0.200.v201902162203
2025-08-03 11:45:10,673 - javax.wsdl - 1.6.2.v201012040545
2025-08-03 11:45:10,673 - org.jdom - 1.1.1.v201101151400
2025-08-03 11:45:10,679 - org.contextmapper.dsl - 6.11.0
2025-08-03 11:45:10,680 - org.contextmapper.dsl.ide - 6.11.0
2025-08-03 11:45:10,680 - org.contextmapper.dsl.ui - 6.11.0
2025-08-03 11:45:10,685 - org.eclipse.draw2d - 3.14.100.202311222042
2025-08-03 11:45:10,691 - org.tigris.subversion.clientadapter.svnkit - 1.8.12.3
2025-08-03 11:45:10,695 - org.eclipse.emf.edit - 2.17.0.v20220201-1551
2025-08-03 11:45:10,700 - edu.umd.cs.findbugs.plugin.eclipse - 3.0.1.20150306-5afe4d1
2025-08-03 11:45:10,705 - com.github.spotbugs.plugin.eclipse - 4.7.3.r202210170504-fa9e53a
2025-08-03 11:45:10,708 - org.eclipse.wst.json.ui - 1.0.700.v202305221615
2025-08-03 11:45:10,709 - org.eclipse.wst.json.bower.ui - 1.0.300.v202305221615
2025-08-03 11:45:10,709 - org.eclipse.wst.json.eslint.ui - 1.0.300.v202305221615
2025-08-03 11:45:10,710 - org.eclipse.wst.json.jshint.ui - 1.0.300.v202305221615
2025-08-03 11:45:10,711 - org.eclipse.wst.json.npm.ui - 1.0.200.v202305221615
2025-08-03 11:45:10,716 - org.eclipse.emf.databinding.edit - 1.7.0.v20210113-0340
2025-08-03 11:45:10,719 - org.eclipse.emf.codegen.ecore - 2.32.0.v20221121-1400
2025-08-03 11:45:10,720 - org.eclipse.emf.ant - 2.11.0.v20200324-0723
2025-08-03 11:45:10,724 - org.eclipse.andmore.ndk - 0.5.1.201701251432
2025-08-03 11:45:10,728 - org.eclipse.andmore.gldebugger - 0.5.1.201701251432
2025-08-03 11:45:10,731 - com.amashchenko.eclipse.strutsclipse.tiles - 1.5.0.201803051747
2025-08-03 11:45:10,738 - com.amashchenko.eclipse.strutsclipse.plugin - 1.5.0.201803051747
2025-08-03 11:45:10,742 - org.eclipse.andmore.android.certmanager - 0.5.1.201701251432
2025-08-03 11:45:10,747 - net.mihai-nita.ansicon.plugin - 1.4.8.202208270854
2025-08-03 11:45:10,751 - org.eclipse.cdt.gdb - 7.2.0.202211062329
2025-08-03 11:45:10,752 - org.eclipse.cdt.gdb.ui - 7.2.0.202211062329
2025-08-03 11:45:10,756 - org.eclipse.sequoyah.localization.tools - 2.1.0.N20120718-0509
2025-08-03 11:45:10,757 - org.eclipse.sequoyah.localization.editor - 2.1.0.N20120718-0509
2025-08-03 11:45:10,760 - org.eclipse.m2e.wtp.jaxrs - 1.6.0.20230118-0812
2025-08-03 11:45:10,764 - org.eclipse.datatools.sqltools.sql - 1.3.0.202311071249
2025-08-03 11:45:10,764 - org.eclipse.datatools.sqltools.common.ui - 1.3.0.202311071249
2025-08-03 11:45:10,764 - org.eclipse.datatools.sqltools.plan - 1.3.0.202311071249
2025-08-03 11:45:10,764 - org.eclipse.datatools.sqltools.editor.core - 1.3.0.202311071249
2025-08-03 11:45:10,764 - org.eclipse.datatools.sqltools.sqleditor - 1.3.0.202311071249
2025-08-03 11:45:10,764 - org.eclipse.datatools.sqltools.ddlgen.ui - 1.3.0.202311071249
2025-08-03 11:45:10,765 - org.eclipse.datatools.connectivity.db.generic - 1.3.0.202311071249
2025-08-03 11:45:10,765 - org.eclipse.datatools.sqltools.editor.core.ui - 1.3.0.202311071249
2025-08-03 11:45:10,765 - org.eclipse.datatools.sqltools.sql.ui - 1.3.0.202311071249
2025-08-03 11:45:10,772 - org.eclipse.cdt.dsf.gdb - 7.0.0.202211221643
2025-08-03 11:45:10,772 - org.eclipse.cdt.dsf.gdb.ui - 2.8.0.202211062329
2025-08-03 11:45:10,776 - org.eclipse.emf.common.ui - 2.20.0.v20220226-1304
2025-08-03 11:45:10,781 - org.eclipse.sequoyah.device.common.utilities - 2.1.0.N20120718-0509
2025-08-03 11:45:10,785 - org.eclipse.andmore.android.common - 0.5.1.201701251432
2025-08-03 11:45:10,785 - org.eclipse.andmore.android.codeutils - 0.5.1.201701251432
2025-08-03 11:45:10,786 - org.eclipse.andmore.android.translation - 0.5.1.201701251432
2025-08-03 11:45:10,787 - org.eclipse.andmore.android.codesnippets - 0.5.1.201701251432
2025-08-03 11:45:10,788 - org.eclipse.andmore.android.db.core - 0.5.1.201701251432
2025-08-03 11:45:10,788 - org.eclipse.andmore.android.logger - 0.5.1.201701251432
2025-08-03 11:45:10,789 - org.eclipse.andmore.android - 0.5.1.201701251432
2025-08-03 11:45:10,790 - org.eclipse.andmore.android.emulator - 0.5.1.201701251432
2025-08-03 11:45:10,791 - org.eclipse.andmore.android.launch - 0.5.1.201701251432
2025-08-03 11:45:10,792 - org.eclipse.andmore.android.packaging.ui - 0.5.1.201701251432
2025-08-03 11:45:10,793 - org.eclipse.andmore.android.handset - 0.5.1.201701251432
2025-08-03 11:45:10,794 - org.eclipse.andmore.android.remote - 0.5.1.201701251432
2025-08-03 11:45:10,794 - org.eclipse.andmore.android.win32.x86_64 - 0.5.1.201701251432
2025-08-03 11:45:10,795 - org.eclipse.andmore.android.mat - 0.5.1.201701251432
2025-08-03 11:45:10,795 - org.eclipse.andmore.android.devices.services - 0.5.1.201701251432
2025-08-03 11:45:10,796 - org.eclipse.andmore.android.db.devices - 0.5.1.201701251432
2025-08-03 11:45:10,796 - org.eclipse.andmore.android.installer - 0.5.1.201701251432
2025-08-03 11:45:10,797 - org.eclipse.andmore.android.logger.collector - 0.5.1.201701251432
2025-08-03 11:45:10,803 - org.eclipse.emf.mapping.ui - 2.10.0.v20181104-0733
2025-08-03 11:45:10,809 - net.sf.eclipsecs.branding - 10.9.3.202308241720
2025-08-03 11:45:10,810 - net.sf.eclipsecs.core - 10.9.3.202308242329
2025-08-03 11:45:10,811 - net.sf.eclipsecs.doc - 10.9.3.202308241720
2025-08-03 11:45:10,817 - net.sf.eclipsecs.checkstyle - 10.9.3.202308242329
2025-08-03 11:45:10,818 - net.sf.eclipsecs.ui - 10.9.3.202308241720
2025-08-03 11:45:10,822 - org.eclipse.sequoyah.vnc.vncviewer - 2.1.0.N20120718-0509
2025-08-03 11:45:10,826 - org.eclipse.emf.codegen.ecore.ui - 2.32.0.v20220925-1245
2025-08-03 11:45:10,830 - org.eclipse.emf.ecore.editor - 2.17.0.v20190528-0725
2025-08-03 11:45:10,835 - org.eclipse.jpt.common.eclipselink.core - 1.3.400.v202208190239
2025-08-03 11:45:10,836 - org.eclipse.jpt.common.eclipselink.branding - 1.3.101.v201902121834
2025-08-03 11:45:10,840 - org.tigris.subversion.subclipse.graph - 4.2.0.1
2025-08-03 11:45:10,845 - org.eclipse.emf.databinding - 1.6.0.v20220517-0824
2025-08-03 11:45:10,850 - org.eclipse.datatools.connectivity.sqm.core.ui - 1.5.0.202311071249
2025-08-03 11:45:10,852 - org.eclipse.datatools.connectivity.sqm.core - 1.6.0.202311071345
2025-08-03 11:45:10,852 - org.eclipse.datatools.connectivity.sqm.server.ui - 1.4.0.202311071249
2025-08-03 11:45:10,853 - org.eclipse.datatools.connectivity.ui.dse - 1.4.0.202311071249
2025-08-03 11:45:10,854 - org.eclipse.datatools.connectivity.ui - 1.5.0.202311071249
2025-08-03 11:45:10,854 - org.eclipse.datatools.connectivity - 1.15.0.202311071249
2025-08-03 11:45:10,854 - org.eclipse.datatools.help - 1.8.0.202311071249
2025-08-03 11:45:10,855 - org.eclipse.datatools.connectivity.console.profile - 1.3.0.202311071249
2025-08-03 11:45:10,860 - org.eclipse.cdt.core.native - 6.3.0.202211062329
2025-08-03 11:45:10,861 - org.eclipse.cdt.core.win32 - 6.1.0.202211062329
2025-08-03 11:45:10,863 - org.eclipse.cdt.core.win32.x86_64 - 6.1.0.202211300214
2025-08-03 11:45:10,863 - org.eclipse.cdt.native.serial - 1.3.0.202211300214
2025-08-03 11:45:10,867 - org.eclipse.cdt.launch - 10.4.0.202211062329
2025-08-03 11:45:10,873 - javax.el - 2.2.0.v201303151357
2025-08-03 11:45:10,874 - jakarta.servlet-api - 4.0.0
2025-08-03 11:45:10,875 - javax.servlet.jsp-api - 2.3.3
2025-08-03 11:45:10,876 - com.sun.el - 2.2.0.v201303151357
2025-08-03 11:45:10,877 - org.apache.jasper.glassfish - 2.2.2.v201501141630
2025-08-03 11:45:10,880 - org.apache.lucene.analyzers-common - 8.4.1.v20221112-0806
2025-08-03 11:45:10,887 - org.apache.lucene.core - 9.7.0.v20230703-0758
2025-08-03 11:45:10,889 - org.apache.lucene.analyzers-smartcn - 8.4.1.v20221112-0806
2025-08-03 11:45:10,890 - org.eclipse.equinox.http.jetty - 3.8.200.v20221109-0702
2025-08-03 11:45:10,891 - org.eclipse.equinox.http.registry - 1.3.200.v20220720-2012
2025-08-03 11:45:10,891 - org.eclipse.equinox.http.servlet - 1.7.400.v20221006-1531
2025-08-03 11:45:10,892 - org.eclipse.equinox.jsp.jasper - 1.1.700.v20220801-1124
2025-08-03 11:45:10,892 - org.eclipse.equinox.jsp.jasper.registry - 1.2.100.v20211021-1418
2025-08-03 11:45:10,892 - org.eclipse.help.base - 4.3.900.v20221123-1800
2025-08-03 11:45:10,893 - org.eclipse.help.ui - 4.4.100.v20220619-1918
2025-08-03 11:45:10,893 - org.eclipse.help.webapp - 3.10.900.v20221103-0933
2025-08-03 11:45:10,894 - org.eclipse.jetty.http - 10.0.12
2025-08-03 11:45:10,895 - org.eclipse.jetty.io - 10.0.12
2025-08-03 11:45:10,896 - org.eclipse.jetty.security - 10.0.12
2025-08-03 11:45:10,897 - org.eclipse.jetty.server - 10.0.12
2025-08-03 11:45:10,898 - org.eclipse.jetty.servlet - 10.0.12
2025-08-03 11:45:10,898 - org.eclipse.jetty.util - 10.0.12
2025-08-03 11:45:10,900 - org.eclipse.jetty.util.ajax - 10.0.12
2025-08-03 11:45:10,901 - org.eclipse.core.net - 1.4.0.v20220813-1037
2025-08-03 11:45:10,902 - org.eclipse.equinox.security - 1.3.1000.v20220801-1135
2025-08-03 11:45:10,906 - org.eclipse.egit.gitflow - 6.4.0.202211300538-r
2025-08-03 11:45:10,907 - org.eclipse.egit.gitflow.ui - 6.4.0.202211300538-r
2025-08-03 11:45:10,919 - org.eclipse.tm.terminal.connector.ssh - 4.8.0.202211062329
2025-08-03 11:45:10,925 - org.eclipse.mylyn.wikitext - 3.0.45.202211090110
2025-08-03 11:45:10,926 - org.eclipse.mylyn.wikitext.ant - 3.0.45.202211090110
2025-08-03 11:45:10,928 - org.eclipse.mylyn.wikitext.osgi - 3.0.45.202211090110
2025-08-03 11:45:10,929 - org.eclipse.mylyn.wikitext.asciidoc - 3.0.45.202211090110
2025-08-03 11:45:10,930 - org.eclipse.mylyn.wikitext.textile - 3.0.45.202211090110
2025-08-03 11:45:10,931 - org.eclipse.mylyn.wikitext.html - 3.0.45.202211090110
2025-08-03 11:45:10,932 - org.eclipse.mylyn.wikitext.markdown - 3.0.45.202211090110
2025-08-03 11:45:10,932 - org.eclipse.mylyn.wikitext.mediawiki - 3.0.45.202211090110
2025-08-03 11:45:10,933 - org.eclipse.mylyn.wikitext.confluence - 3.0.45.202211090110
2025-08-03 11:45:10,934 - org.eclipse.mylyn.wikitext.tracwiki - 3.0.45.202211090110
2025-08-03 11:45:10,935 - org.eclipse.mylyn.wikitext.twiki - 3.0.45.202211090110
2025-08-03 11:45:10,936 - org.eclipse.mylyn.wikitext.ui - 3.0.45.202211090110
2025-08-03 11:45:10,937 - org.eclipse.mylyn.wikitext.help.ui - 3.0.45.202211090110
2025-08-03 11:45:10,937 - org.eclipse.mylyn.wikitext.asciidoc.ui - 3.0.45.202211090110
2025-08-03 11:45:10,938 - org.eclipse.mylyn.wikitext.textile.ui - 3.0.45.202211090110
2025-08-03 11:45:10,938 - org.eclipse.mylyn.wikitext.markdown.ui - 3.0.45.202211090110
2025-08-03 11:45:10,939 - org.eclipse.mylyn.wikitext.mediawiki.ui - 3.0.45.202211090110
2025-08-03 11:45:10,940 - org.eclipse.mylyn.wikitext.confluence.ui - 3.0.45.202211090110
2025-08-03 11:45:10,941 - org.eclipse.mylyn.wikitext.tracwiki.ui - 3.0.45.202211090110
2025-08-03 11:45:10,941 - org.eclipse.mylyn.wikitext.twiki.ui - 3.0.45.202211090110
2025-08-03 11:45:10,950 - org.eclipse.m2e.logback - 2.1.0.20221015-0744
2025-08-03 11:45:10,958 - org.eclipse.buildship.compat - 3.1.6.v20220511-1359
2025-08-03 11:45:10,958 - org.eclipse.buildship.core - 3.1.6.v20220511-1359
2025-08-03 11:45:10,959 - org.eclipse.buildship.ui - 3.1.6.v20220511-1359
2025-08-03 11:45:10,959 - org.eclipse.buildship.branding - 3.1.6.v20220511-1359
2025-08-03 11:45:10,965 - org.eclipse.egit.core - 6.4.0.202211300538-r
2025-08-03 11:45:10,968 - org.eclipse.egit.ui - 6.4.0.202211300538-r
2025-08-03 11:45:10,968 - org.eclipse.egit - 6.4.0.202211300538-r
2025-08-03 11:45:10,969 - org.eclipse.egit.doc - 6.4.0.202211300538-r
2025-08-03 11:45:10,974 - org.eclipse.justj.openjdk.hotspot.jre.full - 17.0.6.v20230125-1136
2025-08-03 11:45:10,976 - org.eclipse.justj.openjdk.hotspot.jre.full.win32.x86_64 - 17.0.6.v20230125-1136
2025-08-03 11:45:10,984 - org.eclipse.userstorage - 1.2.0.v20210517-0327
2025-08-03 11:45:10,986 - org.eclipse.userstorage.ui - 1.1.0.v20190307-0457
2025-08-03 11:45:10,987 - org.eclipse.userstorage.oauth - 1.1.0.v20190307-0457
2025-08-03 11:45:10,994 - org.eclipse.m2e.wtp - 1.5.2.20220906-1452
2025-08-03 11:45:10,997 - org.eclipse.m2e.wtp.overlay - 1.5.0.20220805-2025
2025-08-03 11:45:10,999 - org.eclipse.m2e.wtp.overlay.ui - 1.5.0.20220805-2025
2025-08-03 11:45:11,013 - org.eclipse.tm.terminal.view.core - 4.9.0.202211062329
2025-08-03 11:45:11,013 - org.eclipse.tm.terminal.view.ui - 4.11.0.202211062329
2025-08-03 11:45:11,024 - org.eclipse.jgit.http.apache - 6.4.0.202211300538-r
2025-08-03 11:45:11,074 - org.eclipse.m2e.archetype.common - 3.2.102.20221130-2149
2025-08-03 11:45:11,076 - org.eclipse.m2e.model.edit - 2.0.100.20221115-1709
2025-08-03 11:45:11,076 - org.eclipse.m2e.core - 2.0.5.20221128-1757
2025-08-03 11:45:11,077 - org.eclipse.m2e.launching - 2.0.2.20221122-2012
2025-08-03 11:45:11,078 - org.eclipse.m2e.workspace.cli - 0.3.1
2025-08-03 11:45:11,079 - org.eclipse.m2e.jdt - 2.0.4.20221130-2135
2025-08-03 11:45:11,095 - org.eclipse.m2e.editor - 2.0.2.20221115-1709
2025-08-03 11:45:11,104 - org.eclipse.m2e.maven.runtime - 3.8.604.20221130-2149
2025-08-03 11:45:11,118 - org.eclipse.m2e.refactoring - 2.0.2.20221115-1709
2025-08-03 11:45:11,119 - org.eclipse.m2e.discovery - 2.0.1.20221101-1753
2025-08-03 11:45:11,119 - org.eclipse.m2e.core.ui - 2.0.2.20221113-1617
2025-08-03 11:45:11,121 - org.eclipse.m2e.scm - 2.0.1.20221101-1753
2025-08-03 11:45:11,123 - org.eclipse.m2e.jdt.ui - 2.0.1.20221115-1709
2025-08-03 11:45:11,123 - org.eclipse.m2e.profiles.core - 2.1.0.20221110-1338
2025-08-03 11:45:11,124 - org.eclipse.m2e.profiles.ui - 2.0.1.20221101-1753
2025-08-03 11:45:11,124 - org.eclipse.m2e.sourcelookup - 2.0.1.20221118-1906
2025-08-03 11:45:11,124 - org.eclipse.m2e.sourcelookup.ui - 2.0.1.20221118-1906
2025-08-03 11:45:11,125 - org.eclipse.m2e.binaryproject - 2.1.0.20221115-1709
2025-08-03 11:45:11,125 - org.eclipse.m2e.binaryproject.ui - 2.0.0.20220705-1221
2025-08-03 11:45:11,126 - org.eclipse.m2e.apt.core - 2.0.2.20221020-0713
2025-08-03 11:45:11,127 - org.eclipse.m2e.apt.ui - 2.0.2.20221115-1709
2025-08-03 11:45:11,128 - org.eclipse.m2e.mavenarchiver - 2.0.2.20221115-1709
2025-08-03 11:45:11,134 - org.eclipse.help - 3.9.100.v20210721-0601
2025-08-03 11:45:11,136 - org.eclipse.ui - 3.201.200.v20221024-2137
2025-08-03 11:45:11,137 - org.eclipse.ui.workbench - 3.127.0.v20221024-2137
2025-08-03 11:45:11,137 - org.eclipse.update.configurator - 3.4.1000.v20221114-1512
2025-08-03 11:45:11,137 - org.eclipse.rcp - 4.26.0.v20221123-1800
2025-08-03 11:45:11,139 - com.ibm.icu - 74.1
2025-08-03 11:45:11,149 - org.eclipse.jgit.lfs - 6.4.0.202211300538-r
2025-08-03 11:45:11,150 - org.eclipse.jgit.lfs.server - 6.4.0.202211300538-r
2025-08-03 11:45:11,160 - org.eclipse.epp.mpc.core - 1.10.1.v20221110-1841
2025-08-03 11:45:11,161 - org.eclipse.epp.mpc.core.win32 - 1.10.1.v20221110-1841
2025-08-03 11:45:11,161 - org.eclipse.epp.mpc.ui - 1.10.1.v20221110-1841
2025-08-03 11:45:11,162 - org.eclipse.epp.mpc.ui.css - 1.10.1.v20221110-1841
2025-08-03 11:45:11,163 - org.eclipse.epp.mpc.help.ui - 1.10.1.v20221110-1841
2025-08-03 11:45:11,175 - org.eclipse.jgit.gpg.bc - 6.4.0.202211300538-r
2025-08-03 11:45:11,180 - org.eclipse.pde - 3.13.2100.v20221123-1800
2025-08-03 11:45:11,183 - org.eclipse.pde.build - 3.11.400.v20220923-1253
2025-08-03 11:45:11,184 - org.eclipse.pde.core - 3.16.0.v20221119-0340
2025-08-03 11:45:11,184 - org.eclipse.pde.junit.runtime - 3.6.200.v20220523-1051
2025-08-03 11:45:11,186 - org.eclipse.pde.runtime - 3.7.500.v20221012-2030
2025-08-03 11:45:11,188 - org.eclipse.pde.ui - 3.13.700.v20221114-1716
2025-08-03 11:45:11,190 - org.eclipse.pde.doc.user - 3.14.1800.v20221121-0559
2025-08-03 11:45:11,192 - org.eclipse.pde.ui.templates - 3.7.700.v20220802-1520
2025-08-03 11:45:11,193 - org.eclipse.pde.api.tools - 1.2.1100.v20221114-1728
2025-08-03 11:45:11,194 - org.eclipse.pde.api.tools.annotations - 1.1.500.v20220813-1730
2025-08-03 11:45:11,194 - org.eclipse.pde.api.tools.ui - 1.2.700.v20220329-0844
2025-08-03 11:45:11,195 - org.eclipse.pde.ds.core - 1.2.500.v20220411-2005
2025-08-03 11:45:11,195 - org.eclipse.pde.ds.ui - 1.2.300.v20220310-2159
2025-08-03 11:45:11,196 - org.eclipse.pde.launching - 3.10.200.v20221108-1157
2025-08-03 11:45:11,198 - org.eclipse.pde.ua.core - 1.2.300.v20211004-0555
2025-08-03 11:45:11,199 - org.eclipse.pde.ua.ui - 1.2.400.v20220317-0700
2025-08-03 11:45:11,201 - org.eclipse.ui.trace - 1.2.200.v20220310-2159
2025-08-03 11:45:11,203 - org.eclipse.pde.ds.annotations - 1.2.500.v20220811-0944
2025-08-03 11:45:11,203 - org.eclipse.pde.genericeditor.extension - 1.1.300.v20220810-1011
2025-08-03 11:45:11,205 - org.eclipse.tools.layout.spy - 1.1.100.v20221111-1233
2025-08-03 11:45:11,205 - org.eclipse.pde.spy.core - 1.0.200.v20220331-1637
2025-08-03 11:45:11,211 - org.eclipse.pde.spy.model - 0.12.400.v20220621-1036
2025-08-03 11:45:11,213 - org.eclipse.pde.spy.css - 0.12.300.v20220512-1208
2025-08-03 11:45:11,213 - org.eclipse.pde.spy.preferences - 0.12.300.v20220512-1208
2025-08-03 11:45:11,214 - org.eclipse.pde.spy.context - 1.0.400.v20221119-0340
2025-08-03 11:45:11,214 - org.eclipse.pde.spy.bundle - 0.12.200.v20220512-1208
2025-08-03 11:45:11,215 - org.eclipse.pde.spy.event - 1.0.100.v20221114-1716
2025-08-03 11:45:11,224 - org.eclipse.jgit.ssh.apache - 6.4.0.202211300538-r
2025-08-03 11:45:11,225 - org.eclipse.jgit.ssh.apache.agent - 6.4.0.202211300538-r
2025-08-03 11:45:11,229 - org.eclipse.jdt - 3.18.1400.v20221123-1800
2025-08-03 11:45:11,231 - org.eclipse.ant.ui - 3.8.300.v20220718-1722
2025-08-03 11:45:11,231 - org.eclipse.jdt.apt.core - 3.7.50.v20210914-1429
2025-08-03 11:45:11,232 - org.eclipse.jdt.apt.ui - 3.7.0.v20210620-1751
2025-08-03 11:45:11,233 - org.eclipse.jdt.apt.pluggable.core - 1.3.0.v20210618-1653
2025-08-03 11:45:11,236 - org.eclipse.jdt.compiler.apt - 1.4.300.v20221108-0856
2025-08-03 11:45:11,237 - org.eclipse.jdt.compiler.tool - 1.3.200.v20220802-0458
2025-08-03 11:45:11,237 - org.eclipse.jdt.core - 3.32.0.v20221108-1853
2025-08-03 11:45:11,238 - org.eclipse.jdt.core.formatterapp - 1.1.0.v20210618-1653
2025-08-03 11:45:11,238 - org.eclipse.jdt.annotation - 2.2.700.v20220826-1026
2025-08-03 11:45:11,238 - org.eclipse.jdt.annotation - 2.2.700.v20220826-1026
2025-08-03 11:45:11,239 - org.eclipse.jdt.core.manipulation - 1.17.0.v20221026-1918
2025-08-03 11:45:11,240 - org.eclipse.jdt.debug.ui - 3.12.900.v20221001-0715
2025-08-03 11:45:11,243 - org.eclipse.jdt.debug - 3.20.0.v20220922-0905
2025-08-03 11:45:11,244 - org.eclipse.jdt.junit - 3.15.100.v20220909-2154
2025-08-03 11:45:11,246 - org.eclipse.jdt.junit.core - 3.11.500.v20221031-1935
2025-08-03 11:45:11,247 - org.eclipse.jdt.junit.runtime - 3.7.0.v20220609-1843
2025-08-03 11:45:11,248 - org.eclipse.jdt.junit4.runtime - 1.3.0.v20220609-1843
2025-08-03 11:45:11,248 - org.eclipse.jdt.junit5.runtime - 1.1.100.v20220907-0450
2025-08-03 11:45:11,249 - org.eclipse.jdt.launching - 3.19.800.v20221107-1851
2025-08-03 11:45:11,253 - org.eclipse.jdt.ui - 3.27.100.v20221122-0749
2025-08-03 11:45:11,258 - org.junit - 4.13.2.v20211018-1956
2025-08-03 11:45:11,260 - org.hamcrest.core - 1.3.0.v20180420-1519
2025-08-03 11:45:11,260 - junit-jupiter-api - 5.9.1
2025-08-03 11:45:11,261 - junit-jupiter-engine - 5.9.1
2025-08-03 11:45:11,262 - junit-jupiter-migrationsupport - 5.9.1
2025-08-03 11:45:11,263 - junit-jupiter-params - 5.9.1
2025-08-03 11:45:11,263 - junit-platform-commons - 1.9.1
2025-08-03 11:45:11,264 - junit-platform-engine - 1.9.1
2025-08-03 11:45:11,265 - junit-platform-launcher - 1.9.1
2025-08-03 11:45:11,266 - junit-platform-runner - 1.9.1
2025-08-03 11:45:11,267 - junit-platform-suite-api - 1.9.1
2025-08-03 11:45:11,267 - junit-platform-suite-commons - 1.9.1
2025-08-03 11:45:11,268 - junit-platform-suite-engine - 1.9.1
2025-08-03 11:45:11,269 - junit-vintage-engine - 5.9.1
2025-08-03 11:45:11,270 - org.opentest4j - 1.2.0
2025-08-03 11:45:11,270 - org.apiguardian.api - 1.1.2
2025-08-03 11:45:11,271 - org.eclipse.jdt.doc.user - 3.15.1600.v20221121-0559
2025-08-03 11:45:11,272 - org.eclipse.ant.launching - 1.3.400.v20220718-1722
2025-08-03 11:45:11,276 - org.eclipse.emf.common - 2.27.0.v20221121-1400
2025-08-03 11:45:11,281 - org.jboss.tools.m2e.wro4j.core - 1.2.1.202301111328
2025-08-03 11:45:11,281 - org.jboss.tools.m2e.wro4j.ui - 1.2.1.202301111328
2025-08-03 11:45:11,285 - org.eclipse.tm.terminal.control - 5.4.0.202211062329
2025-08-03 11:45:11,289 - org.sonatype.m2e.egit - 0.17.0.202209271423
2025-08-03 11:45:11,294 - org.eclipse.emf.ecore - 2.29.0.v20221121-1400
2025-08-03 11:45:11,295 - org.eclipse.emf.ecore.change - 2.14.0.v20190528-0725
2025-08-03 11:45:11,295 - org.eclipse.emf.ecore.xmi - 2.17.0.v20220817-1334
2025-08-03 11:45:11,298 - org.eclipse.wst.common.project.facet.core - 1.4.402.v202111212041
2025-08-03 11:45:11,299 - org.eclipse.wst.common.project.facet.ui - 1.4.602.v202007142017
2025-08-03 11:45:11,307 - org.eclipse.jst.common.project.facet.core - 1.12.100.v202208260526
2025-08-03 11:45:11,308 - org.eclipse.jst.common.project.facet.ui - 1.4.511.v202007142017
2025-08-03 11:45:11,312 - org.eclipse.jgit - 6.4.0.202211300538-r
2025-08-03 11:45:11,313 - org.eclipse.jgit.archive - 6.4.0.202211300538-r
2025-08-03 11:45:11,353 - org.apache.ant - 1.10.12.v20211102-1452
2025-08-03 11:45:11,353 - org.eclipse.ant.core - 3.6.500.v20220718-1722
2025-08-03 11:45:11,355 - com.jcraft.jsch - 0.1.55.v20221112-0806
2025-08-03 11:45:11,357 - org.eclipse.compare.core - 3.7.100.v20220812-1406
2025-08-03 11:45:11,359 - org.eclipse.compare - 3.8.500.v20220812-1406
2025-08-03 11:45:11,360 - org.eclipse.compare.win32 - 1.2.900.v20220812-1406
2025-08-03 11:45:11,360 - org.eclipse.core.filebuffers - 3.7.200.v20220202-1008
2025-08-03 11:45:11,361 - org.eclipse.core.filesystem - 1.9.500.v20220817-1539
2025-08-03 11:45:11,361 - org.eclipse.core.net - 1.4.0.v20220813-1037
2025-08-03 11:45:11,362 - org.eclipse.core.net.win32 - 1.0.100.v20220812-1406
2025-08-03 11:45:11,362 - org.eclipse.core.net.win32.x86_64 - 1.1.700.v20220812-1406
2025-08-03 11:45:11,363 - org.eclipse.core.resources - 3.18.100.v20221025-2047
2025-08-03 11:45:11,364 - org.eclipse.debug.core - 3.20.0.v20220811-0741
2025-08-03 11:45:11,365 - org.eclipse.debug.ui - 3.17.100.v20220926-1344
2025-08-03 11:45:11,367 - org.eclipse.e4.ui.ide - 3.16.200.v20221024-2137
2025-08-03 11:45:11,367 - org.eclipse.equinox.event - 1.6.100.v20211021-1418
2025-08-03 11:45:11,368 - org.eclipse.ltk.core.refactoring - 3.13.0.v20220822-0502
2025-08-03 11:45:11,369 - org.eclipse.ltk.ui.refactoring - 3.12.200.v20220808-2221
2025-08-03 11:45:11,369 - org.eclipse.platform - 4.26.0.v20221123-1800
2025-08-03 11:45:11,370 - org.eclipse.platform.doc.user - 4.26.0.v20221121-0559
2025-08-03 11:45:11,371 - org.eclipse.search - 3.14.300.v20220905-1020
2025-08-03 11:45:11,372 - org.eclipse.text.quicksearch - 1.1.400.v20221023-0941
2025-08-03 11:45:11,372 - org.eclipse.team.core - 3.9.600.v20220902-2219
2025-08-03 11:45:11,373 - org.eclipse.team.ui - 3.9.500.v20220920-2213
2025-08-03 11:45:11,374 - org.eclipse.text - 3.12.300.v20220921-1010
2025-08-03 11:45:11,374 - org.eclipse.jface.text - 3.22.0.v20221119-1047
2025-08-03 11:45:11,375 - org.eclipse.jsch.core - 1.4.0.v20220813-1037
2025-08-03 11:45:11,375 - org.eclipse.jsch.ui - 1.4.200.v20220812-1406
2025-08-03 11:45:11,376 - org.eclipse.ui.console - 3.11.400.v20221012-0524
2025-08-03 11:45:11,376 - org.eclipse.ui.intro - 3.6.600.v20220619-1918
2025-08-03 11:45:11,377 - org.eclipse.ui.intro.universal - 3.4.300.v20220619-1918
2025-08-03 11:45:11,379 - org.eclipse.ui.cheatsheets - 3.7.500.v20220903-1020
2025-08-03 11:45:11,380 - org.eclipse.ui.browser - 3.7.300.v20221024-2137
2025-08-03 11:45:11,381 - org.eclipse.ui.genericeditor - 1.2.300.v20220915-0924
2025-08-03 11:45:11,381 - org.eclipse.ui.monitoring - 1.2.300.v20221024-2137
2025-08-03 11:45:11,381 - org.eclipse.ui.navigator - 3.10.400.v20221024-2137
2025-08-03 11:45:11,382 - org.eclipse.ui.navigator.resources - 3.8.500.v20221024-2137
2025-08-03 11:45:11,382 - org.eclipse.ui.net - 1.4.100.v20220812-1406
2025-08-03 11:45:11,383 - org.eclipse.ui.workbench.texteditor - 3.16.600.v20220809-1658
2025-08-03 11:45:11,384 - org.eclipse.ui.views - 3.11.300.v20221024-2137
2025-08-03 11:45:11,384 - org.eclipse.ui.editors - 3.14.400.v20220730-1844
2025-08-03 11:45:11,385 - org.eclipse.ui.externaltools - 3.5.200.v20220618-1805
2025-08-03 11:45:11,386 - org.eclipse.ui.ide - 3.20.0.v20221027-2208
2025-08-03 11:45:11,387 - org.eclipse.ui.ide.application - 1.4.600.v20221024-2137
2025-08-03 11:45:11,387 - org.eclipse.ui.win32 - 3.4.500.v20221024-2137
2025-08-03 11:45:11,388 - org.eclipse.core.resources.win32.x86_64 - 3.5.500.v20220812-1420
2025-08-03 11:45:11,388 - org.eclipse.core.filesystem.win32.x86_64 - 1.4.300.v20220812-1420
2025-08-03 11:45:11,389 - org.eclipse.core.variables - 3.5.100.v20210721-1355
2025-08-03 11:45:11,391 - org.eclipse.ui.forms - 3.11.500.v20221024-2137
2025-08-03 11:45:11,392 - org.eclipse.ui.views.properties.tabbed - 3.9.300.v20221024-2137
2025-08-03 11:45:11,392 - org.eclipse.equinox.security - 1.3.1000.v20220801-1135
2025-08-03 11:45:11,392 - org.eclipse.equinox.security.ui - 1.3.400.v20221007-1815
2025-08-03 11:45:11,393 - org.eclipse.equinox.security.win32.x86_64 - 1.1.300.v20211021-1418
2025-08-03 11:45:11,394 - org.eclipse.core.externaltools - 1.2.300.v20220618-1805
2025-08-03 11:45:11,394 - org.eclipse.ui.themes - 1.2.2100.v20221024-2137
2025-08-03 11:45:11,395 - org.eclipse.core.runtime - 3.26.100.v20221021-0005
2025-08-03 11:45:11,395 - org.eclipse.ui.intro.quicklinks - 1.1.200.v20220619-1918
2025-08-03 11:45:11,396 - org.eclipse.team.genericeditor.diff.extension - 1.1.100.v20220812-1406
2025-08-03 11:45:11,396 - org.eclipse.urischeme - 1.2.200.v20221024-2137
2025-08-03 11:45:11,397 - org.eclipse.ui.views.log - 1.3.400.v20220907-1244
2025-08-03 11:45:11,397 - org.eclipse.debug.ui.launchview - 1.0.300.v20220811-0741
