2025-07-24 15:06:30,871 [Worker-0: Loading available Gradle versions] INFO  o.e.b.c.i.u.g.PublishedGradleVersions - Gradle version information cache is out-of-date. Trying to update.
2025-07-24 15:06:33,686 [ForkJoinPool.commonPool-worker-1] INFO  o.s.s.s.o.s.c.s.PostProcessorRegistrationDelegate$BeanPostProcessorChecker - Bean 'sonarLintSpringAppConfig' of type [org.sonarsource.sonarlint.core.spring.SonarLintSpringAppConfig$$EnhancerBySpringCGLIB$$d5583df3] is not eligible for getting processed by all BeanPostProcessors (for example: not eligible for auto-proxying)
2025-07-24 15:06:33,808 [ForkJoinPool.commonPool-worker-1] INFO  o.s.s.s.o.s.c.s.PostProcessorRegistrationDelegate$BeanPostProcessorChecker - Bean 'provideClientEventBus' of type [com.google.common.eventbus.AsyncEventBus] is not eligible for getting processed by all BeanPostProcessors (for example: not eligible for auto-proxying)
2025-07-24 15:09:12,952 [Worker-8: Loading available Gradle versions] INFO  o.e.b.c.i.u.g.PublishedGradleVersions - Gradle version information cache is up-to-date. Trying to read.
2025-07-24 15:16:40,204 [Worker-8: Loading available Gradle versions] INFO  o.e.b.c.i.u.g.PublishedGradleVersions - Gradle version information cache is up-to-date. Trying to read.
2025-07-24 15:24:40,165 [Worker-8: Creating project "redisson-playground"] INFO  o.e.m.c.i.l.LifecycleMappingFactory - Using org.eclipse.m2e.jdt.JarLifecycleMapping lifecycle mapping for MavenProject: com.redisson:redisson-playground:1.0-SNAPSHOT @ D:\PROJECT-DOCKER\redis\redisson\redisson-playground\pom.xml.
2025-07-24 15:24:41,262 [Worker-8: Creating project "redisson-playground"] INFO  o.e.m.j.i.AbstractJavaProjectConfigurator - Adding source folder /redisson-playground/src/main/java
2025-07-24 15:24:41,264 [Worker-8: Creating project "redisson-playground"] INFO  o.e.m.j.i.AbstractJavaProjectConfigurator - Adding resource folder /redisson-playground/src/main/resources
2025-07-24 15:24:41,265 [Worker-8: Creating project "redisson-playground"] INFO  o.e.m.j.i.AbstractJavaProjectConfigurator - Adding source folder /redisson-playground/src/test/java
2025-07-24 15:24:41,265 [Worker-8: Creating project "redisson-playground"] INFO  o.e.m.j.i.AbstractJavaProjectConfigurator - Adding resource folder /redisson-playground/src/test/resources
2025-07-24 15:25:42,396 [ForkJoinPool.commonPool-worker-8] INFO  o.s.s.s.o.s.c.s.PostProcessorRegistrationDelegate$BeanPostProcessorChecker - Bean 'sonarLintSpringAppConfig' of type [org.sonarsource.sonarlint.core.spring.SonarLintSpringAppConfig$$EnhancerBySpringCGLIB$$eab49ac7] is not eligible for getting processed by all BeanPostProcessors (for example: not eligible for auto-proxying)
2025-07-24 15:25:42,525 [ForkJoinPool.commonPool-worker-8] INFO  o.s.s.s.o.s.c.s.PostProcessorRegistrationDelegate$BeanPostProcessorChecker - Bean 'provideClientEventBus' of type [com.google.common.eventbus.AsyncEventBus] is not eligible for getting processed by all BeanPostProcessors (for example: not eligible for auto-proxying)
2025-07-24 15:29:51,893 [Worker-17: Updating Maven Project] INFO  o.e.m.c.i.p.ProjectConfigurationManager - Update started
2025-07-24 15:29:53,085 [Worker-17: Updating Maven Project] INFO  o.e.m.c.i.e.AbstractTransferListenerAdapter - Downloading https://repo.maven.apache.org/maven2/org/apache/maven/shared/maven-shared-utils/3.2.1/maven-shared-utils-3.2.1.pom
2025-07-24 15:29:53,122 [Worker-17: Updating Maven Project] INFO  o.e.m.c.i.e.AbstractTransferListenerAdapter - Downloaded https://repo.maven.apache.org/maven2/org/apache/maven/shared/maven-shared-utils/3.2.1/maven-shared-utils-3.2.1.pom
2025-07-24 15:29:53,237 [Worker-17: Updating Maven Project] INFO  o.e.m.c.i.e.AbstractTransferListenerAdapter - Downloading https://repo.maven.apache.org/maven2/com/thoughtworks/qdox/qdox/2.0-M9/qdox-2.0-M9.pom
2025-07-24 15:29:53,283 [Worker-17: Updating Maven Project] INFO  o.e.m.c.i.e.AbstractTransferListenerAdapter - Downloaded https://repo.maven.apache.org/maven2/com/thoughtworks/qdox/qdox/2.0-M9/qdox-2.0-M9.pom
2025-07-24 15:29:53,312 [Worker-17: Updating Maven Project] INFO  o.e.m.c.i.e.AbstractTransferListenerAdapter - Downloading https://repo.maven.apache.org/maven2/org/codehaus/plexus/plexus-compiler-api/2.8.4/plexus-compiler-api-2.8.4.pom
2025-07-24 15:29:53,342 [Worker-17: Updating Maven Project] INFO  o.e.m.c.i.e.AbstractTransferListenerAdapter - Downloaded https://repo.maven.apache.org/maven2/org/codehaus/plexus/plexus-compiler-api/2.8.4/plexus-compiler-api-2.8.4.pom
2025-07-24 15:29:53,370 [Worker-17: Updating Maven Project] INFO  o.e.m.c.i.e.AbstractTransferListenerAdapter - Downloading https://repo.maven.apache.org/maven2/org/codehaus/plexus/plexus-compiler/2.8.4/plexus-compiler-2.8.4.pom
2025-07-24 15:29:53,403 [Worker-17: Updating Maven Project] INFO  o.e.m.c.i.e.AbstractTransferListenerAdapter - Downloaded https://repo.maven.apache.org/maven2/org/codehaus/plexus/plexus-compiler/2.8.4/plexus-compiler-2.8.4.pom
2025-07-24 15:29:53,434 [Worker-17: Updating Maven Project] INFO  o.e.m.c.i.e.AbstractTransferListenerAdapter - Downloading https://repo.maven.apache.org/maven2/org/codehaus/plexus/plexus-utils/3.0.22/plexus-utils-3.0.22.pom
2025-07-24 15:29:53,462 [Worker-17: Updating Maven Project] INFO  o.e.m.c.i.e.AbstractTransferListenerAdapter - Downloaded https://repo.maven.apache.org/maven2/org/codehaus/plexus/plexus-utils/3.0.22/plexus-utils-3.0.22.pom
2025-07-24 15:29:53,492 [Worker-17: Updating Maven Project] INFO  o.e.m.c.i.e.AbstractTransferListenerAdapter - Downloading https://repo.maven.apache.org/maven2/org/codehaus/plexus/plexus-compiler-manager/2.8.4/plexus-compiler-manager-2.8.4.pom
2025-07-24 15:29:53,521 [Worker-17: Updating Maven Project] INFO  o.e.m.c.i.e.AbstractTransferListenerAdapter - Downloaded https://repo.maven.apache.org/maven2/org/codehaus/plexus/plexus-compiler-manager/2.8.4/plexus-compiler-manager-2.8.4.pom
2025-07-24 15:29:53,548 [Worker-17: Updating Maven Project] INFO  o.e.m.c.i.e.AbstractTransferListenerAdapter - Downloading https://repo.maven.apache.org/maven2/org/codehaus/plexus/plexus-compiler-javac/2.8.4/plexus-compiler-javac-2.8.4.pom
2025-07-24 15:29:53,576 [Worker-17: Updating Maven Project] INFO  o.e.m.c.i.e.AbstractTransferListenerAdapter - Downloaded https://repo.maven.apache.org/maven2/org/codehaus/plexus/plexus-compiler-javac/2.8.4/plexus-compiler-javac-2.8.4.pom
2025-07-24 15:29:53,604 [Worker-17: Updating Maven Project] INFO  o.e.m.c.i.e.AbstractTransferListenerAdapter - Downloading https://repo.maven.apache.org/maven2/org/codehaus/plexus/plexus-compilers/2.8.4/plexus-compilers-2.8.4.pom
2025-07-24 15:29:53,634 [Worker-17: Updating Maven Project] INFO  o.e.m.c.i.e.AbstractTransferListenerAdapter - Downloaded https://repo.maven.apache.org/maven2/org/codehaus/plexus/plexus-compilers/2.8.4/plexus-compilers-2.8.4.pom
2025-07-24 15:29:53,677 [AetherRepositoryConnector-repo.maven.apache.org-0-1] INFO  o.e.m.c.i.e.AbstractTransferListenerAdapter - Downloading https://repo.maven.apache.org/maven2/org/codehaus/plexus/plexus-component-annotations/1.7.1/plexus-component-annotations-1.7.1.jar
2025-07-24 15:29:53,695 [AetherRepositoryConnector-repo.maven.apache.org-0-2] INFO  o.e.m.c.i.e.AbstractTransferListenerAdapter - Downloading https://repo.maven.apache.org/maven2/org/apache/maven/shared/maven-shared-utils/3.2.1/maven-shared-utils-3.2.1.jar
2025-07-24 15:29:53,695 [AetherRepositoryConnector-repo.maven.apache.org-0-4] INFO  o.e.m.c.i.e.AbstractTransferListenerAdapter - Downloading https://repo.maven.apache.org/maven2/com/thoughtworks/qdox/qdox/2.0-M9/qdox-2.0-M9.jar
2025-07-24 15:29:53,696 [AetherRepositoryConnector-repo.maven.apache.org-0-0] INFO  o.e.m.c.i.e.AbstractTransferListenerAdapter - Downloading https://repo.maven.apache.org/maven2/org/codehaus/plexus/plexus-utils/2.0.4/plexus-utils-2.0.4.jar
2025-07-24 15:29:53,736 [AetherRepositoryConnector-repo.maven.apache.org-0-3] INFO  o.e.m.c.i.e.AbstractTransferListenerAdapter - Downloading https://repo.maven.apache.org/maven2/commons-io/commons-io/2.5/commons-io-2.5.jar
2025-07-24 15:29:53,796 [AetherRepositoryConnector-repo.maven.apache.org-0-1] INFO  o.e.m.c.i.e.AbstractTransferListenerAdapter - Downloaded https://repo.maven.apache.org/maven2/org/codehaus/plexus/plexus-component-annotations/1.7.1/plexus-component-annotations-1.7.1.jar
2025-07-24 15:29:53,954 [AetherRepositoryConnector-repo.maven.apache.org-0-1] INFO  o.e.m.c.i.e.AbstractTransferListenerAdapter - Downloading https://repo.maven.apache.org/maven2/org/codehaus/plexus/plexus-compiler-api/2.8.4/plexus-compiler-api-2.8.4.jar
2025-07-24 15:29:54,011 [AetherRepositoryConnector-repo.maven.apache.org-0-2] INFO  o.e.m.c.i.e.AbstractTransferListenerAdapter - Downloaded https://repo.maven.apache.org/maven2/org/apache/maven/shared/maven-shared-utils/3.2.1/maven-shared-utils-3.2.1.jar
2025-07-24 15:29:54,012 [AetherRepositoryConnector-repo.maven.apache.org-0-0] INFO  o.e.m.c.i.e.AbstractTransferListenerAdapter - Downloaded https://repo.maven.apache.org/maven2/org/codehaus/plexus/plexus-utils/2.0.4/plexus-utils-2.0.4.jar
2025-07-24 15:29:54,032 [AetherRepositoryConnector-repo.maven.apache.org-0-3] INFO  o.e.m.c.i.e.AbstractTransferListenerAdapter - Downloaded https://repo.maven.apache.org/maven2/commons-io/commons-io/2.5/commons-io-2.5.jar
2025-07-24 15:29:54,042 [AetherRepositoryConnector-repo.maven.apache.org-0-2] INFO  o.e.m.c.i.e.AbstractTransferListenerAdapter - Downloading https://repo.maven.apache.org/maven2/org/codehaus/plexus/plexus-compiler-manager/2.8.4/plexus-compiler-manager-2.8.4.jar
2025-07-24 15:29:54,042 [AetherRepositoryConnector-repo.maven.apache.org-0-0] INFO  o.e.m.c.i.e.AbstractTransferListenerAdapter - Downloading https://repo.maven.apache.org/maven2/org/codehaus/plexus/plexus-compiler-javac/2.8.4/plexus-compiler-javac-2.8.4.jar
2025-07-24 15:29:54,045 [AetherRepositoryConnector-repo.maven.apache.org-0-4] INFO  o.e.m.c.i.e.AbstractTransferListenerAdapter - Downloaded https://repo.maven.apache.org/maven2/com/thoughtworks/qdox/qdox/2.0-M9/qdox-2.0-M9.jar
2025-07-24 15:29:54,045 [AetherRepositoryConnector-repo.maven.apache.org-0-1] INFO  o.e.m.c.i.e.AbstractTransferListenerAdapter - Downloaded https://repo.maven.apache.org/maven2/org/codehaus/plexus/plexus-compiler-api/2.8.4/plexus-compiler-api-2.8.4.jar
2025-07-24 15:29:54,076 [AetherRepositoryConnector-repo.maven.apache.org-0-2] INFO  o.e.m.c.i.e.AbstractTransferListenerAdapter - Downloaded https://repo.maven.apache.org/maven2/org/codehaus/plexus/plexus-compiler-manager/2.8.4/plexus-compiler-manager-2.8.4.jar
2025-07-24 15:29:54,118 [AetherRepositoryConnector-repo.maven.apache.org-0-0] INFO  o.e.m.c.i.e.AbstractTransferListenerAdapter - Downloaded https://repo.maven.apache.org/maven2/org/codehaus/plexus/plexus-compiler-javac/2.8.4/plexus-compiler-javac-2.8.4.jar
2025-07-24 15:29:54,189 [Worker-17: Updating Maven Project] INFO  o.e.m.c.i.l.LifecycleMappingFactory - Using org.eclipse.m2e.jdt.JarLifecycleMapping lifecycle mapping for MavenProject: com.redisson:redisson-playground:1.0-SNAPSHOT @ D:\PROJECT-DOCKER\redis\redisson\redisson-playground\pom.xml.
2025-07-24 15:29:54,617 [Worker-17: Updating Maven Project] INFO  o.e.m.j.i.AbstractJavaProjectConfigurator - Adding source folder /redisson-playground/src/main/java
2025-07-24 15:29:54,617 [Worker-17: Updating Maven Project] INFO  o.e.m.j.i.AbstractJavaProjectConfigurator - Adding resource folder /redisson-playground/src/main/resources
2025-07-24 15:29:54,618 [Worker-17: Updating Maven Project] INFO  o.e.m.j.i.AbstractJavaProjectConfigurator - Adding source folder /redisson-playground/src/test/java
2025-07-24 15:29:54,618 [Worker-17: Updating Maven Project] INFO  o.e.m.j.i.AbstractJavaProjectConfigurator - Adding resource folder /redisson-playground/src/test/resources
2025-07-24 15:29:54,619 [Worker-17: Updating Maven Project] ERROR o.e.m.j.i.AbstractJavaProjectConfigurator - Failed to find a compatible VM for environment id 'JavaSE-19', falling back to workspace default
2025-07-24 15:29:55,477 [Worker-16: Download sources and javadoc] INFO  o.e.m.c.i.e.AbstractTransferListenerAdapter - Downloading https://repo.maven.apache.org/maven2/org/redisson/redisson/3.47.0/redisson-3.47.0-sources.jar
2025-07-24 15:29:55,879 [Worker-17: Updating Maven Project] INFO  o.e.m.c.i.p.ProjectConfigurationManager - Update completed for 1 poms: local refresh takes 0.00 sec, refresh facades takes 2.00 sec, update config takes 0.00 sec 
2025-07-24 15:29:56,400 [Worker-16: Download sources and javadoc] INFO  o.e.m.c.i.e.AbstractTransferListenerAdapter - Downloaded https://repo.maven.apache.org/maven2/org/redisson/redisson/3.47.0/redisson-3.47.0-sources.jar
2025-07-24 15:29:56,403 [Worker-16: Download sources and javadoc] INFO  o.e.m.j.internal.DownloadSourcesJob - Downloaded sources for org.redisson:redisson:3.47.0
2025-07-24 15:29:56,549 [Worker-16: Download sources and javadoc] INFO  o.e.m.c.i.e.AbstractTransferListenerAdapter - Downloading https://repo.maven.apache.org/maven2/javax/cache/cache-api/1.1.1/cache-api-1.1.1-sources.jar
2025-07-24 15:29:56,733 [Worker-16: Download sources and javadoc] INFO  o.e.m.c.i.e.AbstractTransferListenerAdapter - Downloaded https://repo.maven.apache.org/maven2/javax/cache/cache-api/1.1.1/cache-api-1.1.1-sources.jar
2025-07-24 15:29:56,735 [Worker-16: Download sources and javadoc] INFO  o.e.m.j.internal.DownloadSourcesJob - Downloaded sources for javax.cache:cache-api:1.1.1
2025-07-24 15:29:56,905 [Worker-16: Download sources and javadoc] INFO  o.e.m.c.i.e.AbstractTransferListenerAdapter - Downloading https://repo.maven.apache.org/maven2/io/reactivex/rxjava3/rxjava/3.1.8/rxjava-3.1.8-sources.jar
2025-07-24 15:29:58,015 [Worker-16: Download sources and javadoc] INFO  o.e.m.c.i.e.AbstractTransferListenerAdapter - Downloaded https://repo.maven.apache.org/maven2/io/reactivex/rxjava3/rxjava/3.1.8/rxjava-3.1.8-sources.jar
2025-07-24 15:29:58,018 [Worker-16: Download sources and javadoc] INFO  o.e.m.j.internal.DownloadSourcesJob - Downloaded sources for io.reactivex.rxjava3:rxjava:3.1.8
2025-07-24 15:29:58,218 [Worker-16: Download sources and javadoc] INFO  o.e.m.c.i.e.AbstractTransferListenerAdapter - Downloading https://repo.maven.apache.org/maven2/com/esotericsoftware/kryo/5.6.2/kryo-5.6.2-sources.jar
2025-07-24 15:29:58,402 [Worker-16: Download sources and javadoc] INFO  o.e.m.c.i.e.AbstractTransferListenerAdapter - Downloaded https://repo.maven.apache.org/maven2/com/esotericsoftware/kryo/5.6.2/kryo-5.6.2-sources.jar
2025-07-24 15:29:58,403 [Worker-16: Download sources and javadoc] INFO  o.e.m.j.internal.DownloadSourcesJob - Downloaded sources for com.esotericsoftware:kryo:5.6.2
2025-07-24 15:29:58,591 [Worker-16: Download sources and javadoc] INFO  o.e.m.c.i.e.AbstractTransferListenerAdapter - Downloading https://repo.maven.apache.org/maven2/com/esotericsoftware/reflectasm/1.11.9/reflectasm-1.11.9-sources.jar
2025-07-24 15:29:58,651 [Worker-16: Download sources and javadoc] INFO  o.e.m.c.i.e.AbstractTransferListenerAdapter - Downloaded https://repo.maven.apache.org/maven2/com/esotericsoftware/reflectasm/1.11.9/reflectasm-1.11.9-sources.jar
2025-07-24 15:29:58,654 [Worker-16: Download sources and javadoc] INFO  o.e.m.j.internal.DownloadSourcesJob - Downloaded sources for com.esotericsoftware:reflectasm:1.11.9
2025-07-24 15:29:58,825 [Worker-16: Download sources and javadoc] INFO  o.e.m.c.i.e.AbstractTransferListenerAdapter - Downloading https://repo.maven.apache.org/maven2/org/objenesis/objenesis/3.4/objenesis-3.4-sources.jar
2025-07-24 15:29:58,917 [Worker-16: Download sources and javadoc] INFO  o.e.m.c.i.e.AbstractTransferListenerAdapter - Downloaded https://repo.maven.apache.org/maven2/org/objenesis/objenesis/3.4/objenesis-3.4-sources.jar
2025-07-24 15:29:58,919 [Worker-16: Download sources and javadoc] INFO  o.e.m.j.internal.DownloadSourcesJob - Downloaded sources for org.objenesis:objenesis:3.4
2025-07-24 15:29:59,036 [Worker-16: Download sources and javadoc] INFO  o.e.m.c.i.e.AbstractTransferListenerAdapter - Downloading https://repo.maven.apache.org/maven2/com/esotericsoftware/minlog/1.3.1/minlog-1.3.1-sources.jar
2025-07-24 15:29:59,139 [Worker-16: Download sources and javadoc] INFO  o.e.m.c.i.e.AbstractTransferListenerAdapter - Downloaded https://repo.maven.apache.org/maven2/com/esotericsoftware/minlog/1.3.1/minlog-1.3.1-sources.jar
2025-07-24 15:29:59,140 [Worker-16: Download sources and javadoc] INFO  o.e.m.j.internal.DownloadSourcesJob - Downloaded sources for com.esotericsoftware:minlog:1.3.1
2025-07-24 15:29:59,223 [Worker-16: Download sources and javadoc] INFO  o.e.m.c.i.e.AbstractTransferListenerAdapter - Downloading https://repo.maven.apache.org/maven2/net/bytebuddy/byte-buddy/1.15.3/byte-buddy-1.15.3-sources.jar
2025-07-24 15:29:59,798 [Worker-16: Download sources and javadoc] INFO  o.e.m.c.i.e.AbstractTransferListenerAdapter - Downloaded https://repo.maven.apache.org/maven2/net/bytebuddy/byte-buddy/1.15.3/byte-buddy-1.15.3-sources.jar
2025-07-24 15:29:59,802 [Worker-16: Download sources and javadoc] INFO  o.e.m.j.internal.DownloadSourcesJob - Downloaded sources for net.bytebuddy:byte-buddy:1.15.3
2025-07-24 15:29:59,904 [Worker-16: Download sources and javadoc] INFO  o.e.m.c.i.e.AbstractTransferListenerAdapter - Downloading https://repo.maven.apache.org/maven2/org/jodd/jodd-util/6.3.0/jodd-util-6.3.0-sources.jar
2025-07-24 15:30:00,055 [Worker-16: Download sources and javadoc] INFO  o.e.m.c.i.e.AbstractTransferListenerAdapter - Downloaded https://repo.maven.apache.org/maven2/org/jodd/jodd-util/6.3.0/jodd-util-6.3.0-sources.jar
2025-07-24 15:30:00,057 [Worker-16: Download sources and javadoc] INFO  o.e.m.j.internal.DownloadSourcesJob - Downloaded sources for org.jodd:jodd-util:6.3.0
2025-07-24 15:30:00,141 [Worker-16: Download sources and javadoc] INFO  o.e.m.c.i.e.AbstractTransferListenerAdapter - Downloading https://repo.maven.apache.org/maven2/io/projectreactor/reactor-test/3.7.6/reactor-test-3.7.6-sources.jar
2025-07-24 15:30:00,430 [Worker-16: Download sources and javadoc] INFO  o.e.m.c.i.e.AbstractTransferListenerAdapter - Downloaded https://repo.maven.apache.org/maven2/io/projectreactor/reactor-test/3.7.6/reactor-test-3.7.6-sources.jar
2025-07-24 15:30:00,433 [Worker-16: Download sources and javadoc] INFO  o.e.m.j.internal.DownloadSourcesJob - Downloaded sources for io.projectreactor:reactor-test:3.7.6
2025-07-24 15:30:00,526 [Worker-16: Download sources and javadoc] INFO  o.e.m.c.i.e.AbstractTransferListenerAdapter - Downloading https://repo.maven.apache.org/maven2/org/junit/jupiter/junit-jupiter-engine/5.11.3/junit-jupiter-engine-5.11.3-sources.jar
2025-07-24 15:30:00,616 [Worker-16: Download sources and javadoc] INFO  o.e.m.c.i.e.AbstractTransferListenerAdapter - Downloaded https://repo.maven.apache.org/maven2/org/junit/jupiter/junit-jupiter-engine/5.11.3/junit-jupiter-engine-5.11.3-sources.jar
2025-07-24 15:30:00,618 [Worker-16: Download sources and javadoc] INFO  o.e.m.j.internal.DownloadSourcesJob - Downloaded sources for org.junit.jupiter:junit-jupiter-engine:5.11.3
2025-07-24 15:30:00,707 [Worker-16: Download sources and javadoc] INFO  o.e.m.c.i.e.AbstractTransferListenerAdapter - Downloading https://repo.maven.apache.org/maven2/org/junit/platform/junit-platform-engine/1.11.3/junit-platform-engine-1.11.3-sources.jar
2025-07-24 15:30:01,013 [Worker-16: Download sources and javadoc] INFO  o.e.m.c.i.e.AbstractTransferListenerAdapter - Downloaded https://repo.maven.apache.org/maven2/org/junit/platform/junit-platform-engine/1.11.3/junit-platform-engine-1.11.3-sources.jar
2025-07-24 15:30:01,016 [Worker-16: Download sources and javadoc] INFO  o.e.m.j.internal.DownloadSourcesJob - Downloaded sources for org.junit.platform:junit-platform-engine:1.11.3
2025-07-24 15:30:01,132 [Worker-16: Download sources and javadoc] INFO  o.e.m.c.i.e.AbstractTransferListenerAdapter - Downloading https://repo.maven.apache.org/maven2/org/junit/platform/junit-platform-commons/1.11.3/junit-platform-commons-1.11.3-sources.jar
2025-07-24 15:30:01,217 [Worker-16: Download sources and javadoc] INFO  o.e.m.c.i.e.AbstractTransferListenerAdapter - Downloaded https://repo.maven.apache.org/maven2/org/junit/platform/junit-platform-commons/1.11.3/junit-platform-commons-1.11.3-sources.jar
2025-07-24 15:30:01,219 [Worker-16: Download sources and javadoc] INFO  o.e.m.j.internal.DownloadSourcesJob - Downloaded sources for org.junit.platform:junit-platform-commons:1.11.3
2025-07-24 15:30:01,325 [Worker-16: Download sources and javadoc] INFO  o.e.m.c.i.e.AbstractTransferListenerAdapter - Downloading https://repo.maven.apache.org/maven2/org/junit/jupiter/junit-jupiter-api/5.11.3/junit-jupiter-api-5.11.3-sources.jar
2025-07-24 15:30:01,695 [Worker-16: Download sources and javadoc] INFO  o.e.m.c.i.e.AbstractTransferListenerAdapter - Downloaded https://repo.maven.apache.org/maven2/org/junit/jupiter/junit-jupiter-api/5.11.3/junit-jupiter-api-5.11.3-sources.jar
2025-07-24 15:30:01,697 [Worker-16: Download sources and javadoc] INFO  o.e.m.j.internal.DownloadSourcesJob - Downloaded sources for org.junit.jupiter:junit-jupiter-api:5.11.3
2025-07-24 15:30:38,568 [Worker-16: Launching Executing install in D__PROJECT-DOCKER_redis_redisson_redisson-playground] INFO  o.eclipse.m2e.core.internal.Bundles - getClasspathEntries(Bundle=org.eclipse.m2e.maven.runtime_3.8.604.20221130-2149 [345])
2025-07-24 15:30:38,570 [Worker-16: Launching Executing install in D__PROJECT-DOCKER_redis_redisson_redisson-playground] INFO  o.eclipse.m2e.core.internal.Bundles - 	Entry: C:\ProgramData\chocolatey\lib\springtoolsuite\tools\sts-4.17.2.RELEASE\plugins\org.eclipse.m2e.maven.runtime_3.8.604.20221130-2149
2025-07-24 15:30:38,570 [Worker-16: Launching Executing install in D__PROJECT-DOCKER_redis_redisson_redisson-playground] INFO  o.eclipse.m2e.core.internal.Bundles - 	Entry: C:\ProgramData\chocolatey\lib\springtoolsuite\tools\sts-4.17.2.RELEASE\plugins\org.eclipse.m2e.maven.runtime_3.8.604.20221130-2149\jars\aether-connector-okhttp-0.17.8.jar
2025-07-24 15:30:38,570 [Worker-16: Launching Executing install in D__PROJECT-DOCKER_redis_redisson_redisson-playground] INFO  o.eclipse.m2e.core.internal.Bundles - 	Entry: C:\ProgramData\chocolatey\lib\springtoolsuite\tools\sts-4.17.2.RELEASE\plugins\org.eclipse.m2e.maven.runtime_3.8.604.20221130-2149\jars\commons-cli-1.4.jar
2025-07-24 15:30:38,570 [Worker-16: Launching Executing install in D__PROJECT-DOCKER_redis_redisson_redisson-playground] INFO  o.eclipse.m2e.core.internal.Bundles - 	Entry: C:\ProgramData\chocolatey\lib\springtoolsuite\tools\sts-4.17.2.RELEASE\plugins\org.eclipse.m2e.maven.runtime_3.8.604.20221130-2149\jars\commons-io-2.6.jar
2025-07-24 15:30:38,570 [Worker-16: Launching Executing install in D__PROJECT-DOCKER_redis_redisson_redisson-playground] INFO  o.eclipse.m2e.core.internal.Bundles - 	Entry: C:\ProgramData\chocolatey\lib\springtoolsuite\tools\sts-4.17.2.RELEASE\plugins\org.eclipse.m2e.maven.runtime_3.8.604.20221130-2149\jars\commons-lang3-3.8.1.jar
2025-07-24 15:30:38,571 [Worker-16: Launching Executing install in D__PROJECT-DOCKER_redis_redisson_redisson-playground] INFO  o.eclipse.m2e.core.internal.Bundles - 	Entry: C:\ProgramData\chocolatey\lib\springtoolsuite\tools\sts-4.17.2.RELEASE\plugins\org.eclipse.m2e.maven.runtime_3.8.604.20221130-2149\jars\guice-4.2.2-no_aop.jar
2025-07-24 15:30:38,571 [Worker-16: Launching Executing install in D__PROJECT-DOCKER_redis_redisson_redisson-playground] INFO  o.eclipse.m2e.core.internal.Bundles - 	Entry: C:\ProgramData\chocolatey\lib\springtoolsuite\tools\sts-4.17.2.RELEASE\plugins\org.eclipse.m2e.maven.runtime_3.8.604.20221130-2149\jars\jansi-2.4.0.jar
2025-07-24 15:30:38,571 [Worker-16: Launching Executing install in D__PROJECT-DOCKER_redis_redisson_redisson-playground] INFO  o.eclipse.m2e.core.internal.Bundles - 	Entry: C:\ProgramData\chocolatey\lib\springtoolsuite\tools\sts-4.17.2.RELEASE\plugins\org.eclipse.m2e.maven.runtime_3.8.604.20221130-2149\jars\maven-artifact-3.8.6.jar
2025-07-24 15:30:38,571 [Worker-16: Launching Executing install in D__PROJECT-DOCKER_redis_redisson_redisson-playground] INFO  o.eclipse.m2e.core.internal.Bundles - 	Entry: C:\ProgramData\chocolatey\lib\springtoolsuite\tools\sts-4.17.2.RELEASE\plugins\org.eclipse.m2e.maven.runtime_3.8.604.20221130-2149\jars\maven-builder-support-3.8.6.jar
2025-07-24 15:30:38,571 [Worker-16: Launching Executing install in D__PROJECT-DOCKER_redis_redisson_redisson-playground] INFO  o.eclipse.m2e.core.internal.Bundles - 	Entry: C:\ProgramData\chocolatey\lib\springtoolsuite\tools\sts-4.17.2.RELEASE\plugins\org.eclipse.m2e.maven.runtime_3.8.604.20221130-2149\jars\maven-compat-3.8.6.jar
2025-07-24 15:30:38,571 [Worker-16: Launching Executing install in D__PROJECT-DOCKER_redis_redisson_redisson-playground] INFO  o.eclipse.m2e.core.internal.Bundles - 	Entry: C:\ProgramData\chocolatey\lib\springtoolsuite\tools\sts-4.17.2.RELEASE\plugins\org.eclipse.m2e.maven.runtime_3.8.604.20221130-2149\jars\maven-core-3.8.6.jar
2025-07-24 15:30:38,572 [Worker-16: Launching Executing install in D__PROJECT-DOCKER_redis_redisson_redisson-playground] INFO  o.eclipse.m2e.core.internal.Bundles - 	Entry: C:\ProgramData\chocolatey\lib\springtoolsuite\tools\sts-4.17.2.RELEASE\plugins\org.eclipse.m2e.maven.runtime_3.8.604.20221130-2149\jars\maven-embedder-3.8.6.jar
2025-07-24 15:30:38,572 [Worker-16: Launching Executing install in D__PROJECT-DOCKER_redis_redisson_redisson-playground] INFO  o.eclipse.m2e.core.internal.Bundles - 	Entry: C:\ProgramData\chocolatey\lib\springtoolsuite\tools\sts-4.17.2.RELEASE\plugins\org.eclipse.m2e.maven.runtime_3.8.604.20221130-2149\jars\maven-model-3.8.6.jar
2025-07-24 15:30:38,572 [Worker-16: Launching Executing install in D__PROJECT-DOCKER_redis_redisson_redisson-playground] INFO  o.eclipse.m2e.core.internal.Bundles - 	Entry: C:\ProgramData\chocolatey\lib\springtoolsuite\tools\sts-4.17.2.RELEASE\plugins\org.eclipse.m2e.maven.runtime_3.8.604.20221130-2149\jars\maven-model-builder-3.8.6.jar
2025-07-24 15:30:38,572 [Worker-16: Launching Executing install in D__PROJECT-DOCKER_redis_redisson_redisson-playground] INFO  o.eclipse.m2e.core.internal.Bundles - 	Entry: C:\ProgramData\chocolatey\lib\springtoolsuite\tools\sts-4.17.2.RELEASE\plugins\org.eclipse.m2e.maven.runtime_3.8.604.20221130-2149\jars\maven-plugin-api-3.8.6.jar
2025-07-24 15:30:38,572 [Worker-16: Launching Executing install in D__PROJECT-DOCKER_redis_redisson_redisson-playground] INFO  o.eclipse.m2e.core.internal.Bundles - 	Entry: C:\ProgramData\chocolatey\lib\springtoolsuite\tools\sts-4.17.2.RELEASE\plugins\org.eclipse.m2e.maven.runtime_3.8.604.20221130-2149\jars\maven-repository-metadata-3.8.6.jar
2025-07-24 15:30:38,572 [Worker-16: Launching Executing install in D__PROJECT-DOCKER_redis_redisson_redisson-playground] INFO  o.eclipse.m2e.core.internal.Bundles - 	Entry: C:\ProgramData\chocolatey\lib\springtoolsuite\tools\sts-4.17.2.RELEASE\plugins\org.eclipse.m2e.maven.runtime_3.8.604.20221130-2149\jars\maven-resolver-api-1.6.3.jar
2025-07-24 15:30:38,572 [Worker-16: Launching Executing install in D__PROJECT-DOCKER_redis_redisson_redisson-playground] INFO  o.eclipse.m2e.core.internal.Bundles - 	Entry: C:\ProgramData\chocolatey\lib\springtoolsuite\tools\sts-4.17.2.RELEASE\plugins\org.eclipse.m2e.maven.runtime_3.8.604.20221130-2149\jars\maven-resolver-connector-basic-1.6.3.jar
2025-07-24 15:30:38,572 [Worker-16: Launching Executing install in D__PROJECT-DOCKER_redis_redisson_redisson-playground] INFO  o.eclipse.m2e.core.internal.Bundles - 	Entry: C:\ProgramData\chocolatey\lib\springtoolsuite\tools\sts-4.17.2.RELEASE\plugins\org.eclipse.m2e.maven.runtime_3.8.604.20221130-2149\jars\maven-resolver-impl-1.6.3.jar
2025-07-24 15:30:38,573 [Worker-16: Launching Executing install in D__PROJECT-DOCKER_redis_redisson_redisson-playground] INFO  o.eclipse.m2e.core.internal.Bundles - 	Entry: C:\ProgramData\chocolatey\lib\springtoolsuite\tools\sts-4.17.2.RELEASE\plugins\org.eclipse.m2e.maven.runtime_3.8.604.20221130-2149\jars\maven-resolver-provider-3.8.6.jar
2025-07-24 15:30:38,573 [Worker-16: Launching Executing install in D__PROJECT-DOCKER_redis_redisson_redisson-playground] INFO  o.eclipse.m2e.core.internal.Bundles - 	Entry: C:\ProgramData\chocolatey\lib\springtoolsuite\tools\sts-4.17.2.RELEASE\plugins\org.eclipse.m2e.maven.runtime_3.8.604.20221130-2149\jars\maven-resolver-spi-1.6.3.jar
2025-07-24 15:30:38,573 [Worker-16: Launching Executing install in D__PROJECT-DOCKER_redis_redisson_redisson-playground] INFO  o.eclipse.m2e.core.internal.Bundles - 	Entry: C:\ProgramData\chocolatey\lib\springtoolsuite\tools\sts-4.17.2.RELEASE\plugins\org.eclipse.m2e.maven.runtime_3.8.604.20221130-2149\jars\maven-resolver-transport-wagon-1.6.3.jar
2025-07-24 15:30:38,573 [Worker-16: Launching Executing install in D__PROJECT-DOCKER_redis_redisson_redisson-playground] INFO  o.eclipse.m2e.core.internal.Bundles - 	Entry: C:\ProgramData\chocolatey\lib\springtoolsuite\tools\sts-4.17.2.RELEASE\plugins\org.eclipse.m2e.maven.runtime_3.8.604.20221130-2149\jars\maven-resolver-util-1.6.3.jar
2025-07-24 15:30:38,573 [Worker-16: Launching Executing install in D__PROJECT-DOCKER_redis_redisson_redisson-playground] INFO  o.eclipse.m2e.core.internal.Bundles - 	Entry: C:\ProgramData\chocolatey\lib\springtoolsuite\tools\sts-4.17.2.RELEASE\plugins\org.eclipse.m2e.maven.runtime_3.8.604.20221130-2149\jars\maven-settings-3.8.6.jar
2025-07-24 15:30:38,573 [Worker-16: Launching Executing install in D__PROJECT-DOCKER_redis_redisson_redisson-playground] INFO  o.eclipse.m2e.core.internal.Bundles - 	Entry: C:\ProgramData\chocolatey\lib\springtoolsuite\tools\sts-4.17.2.RELEASE\plugins\org.eclipse.m2e.maven.runtime_3.8.604.20221130-2149\jars\maven-settings-builder-3.8.6.jar
2025-07-24 15:30:38,573 [Worker-16: Launching Executing install in D__PROJECT-DOCKER_redis_redisson_redisson-playground] INFO  o.eclipse.m2e.core.internal.Bundles - 	Entry: C:\ProgramData\chocolatey\lib\springtoolsuite\tools\sts-4.17.2.RELEASE\plugins\org.eclipse.m2e.maven.runtime_3.8.604.20221130-2149\jars\maven-shared-utils-3.3.4.jar
2025-07-24 15:30:38,573 [Worker-16: Launching Executing install in D__PROJECT-DOCKER_redis_redisson_redisson-playground] INFO  o.eclipse.m2e.core.internal.Bundles - 	Entry: C:\ProgramData\chocolatey\lib\springtoolsuite\tools\sts-4.17.2.RELEASE\plugins\org.eclipse.m2e.maven.runtime_3.8.604.20221130-2149\jars\okhttp-3.14.1.jar
2025-07-24 15:30:38,573 [Worker-16: Launching Executing install in D__PROJECT-DOCKER_redis_redisson_redisson-playground] INFO  o.eclipse.m2e.core.internal.Bundles - 	Entry: C:\ProgramData\chocolatey\lib\springtoolsuite\tools\sts-4.17.2.RELEASE\plugins\org.eclipse.m2e.maven.runtime_3.8.604.20221130-2149\jars\okio-1.17.3.jar
2025-07-24 15:30:38,573 [Worker-16: Launching Executing install in D__PROJECT-DOCKER_redis_redisson_redisson-playground] INFO  o.eclipse.m2e.core.internal.Bundles - 	Entry: C:\ProgramData\chocolatey\lib\springtoolsuite\tools\sts-4.17.2.RELEASE\plugins\org.eclipse.m2e.maven.runtime_3.8.604.20221130-2149\jars\org.eclipse.sisu.inject-0.3.5.jar
2025-07-24 15:30:38,573 [Worker-16: Launching Executing install in D__PROJECT-DOCKER_redis_redisson_redisson-playground] INFO  o.eclipse.m2e.core.internal.Bundles - 	Entry: C:\ProgramData\chocolatey\lib\springtoolsuite\tools\sts-4.17.2.RELEASE\plugins\org.eclipse.m2e.maven.runtime_3.8.604.20221130-2149\jars\org.eclipse.sisu.plexus-0.3.5.jar
2025-07-24 15:30:38,574 [Worker-16: Launching Executing install in D__PROJECT-DOCKER_redis_redisson_redisson-playground] INFO  o.eclipse.m2e.core.internal.Bundles - 	Entry: C:\ProgramData\chocolatey\lib\springtoolsuite\tools\sts-4.17.2.RELEASE\plugins\org.eclipse.m2e.maven.runtime_3.8.604.20221130-2149\jars\plexus-build-api-0.0.7.jar
2025-07-24 15:30:38,574 [Worker-16: Launching Executing install in D__PROJECT-DOCKER_redis_redisson_redisson-playground] INFO  o.eclipse.m2e.core.internal.Bundles - 	Entry: C:\ProgramData\chocolatey\lib\springtoolsuite\tools\sts-4.17.2.RELEASE\plugins\org.eclipse.m2e.maven.runtime_3.8.604.20221130-2149\jars\plexus-cipher-2.0.jar
2025-07-24 15:30:38,574 [Worker-16: Launching Executing install in D__PROJECT-DOCKER_redis_redisson_redisson-playground] INFO  o.eclipse.m2e.core.internal.Bundles - 	Entry: C:\ProgramData\chocolatey\lib\springtoolsuite\tools\sts-4.17.2.RELEASE\plugins\org.eclipse.m2e.maven.runtime_3.8.604.20221130-2149\jars\plexus-classworlds-2.6.0.jar
2025-07-24 15:30:38,574 [Worker-16: Launching Executing install in D__PROJECT-DOCKER_redis_redisson_redisson-playground] INFO  o.eclipse.m2e.core.internal.Bundles - 	Entry: C:\ProgramData\chocolatey\lib\springtoolsuite\tools\sts-4.17.2.RELEASE\plugins\org.eclipse.m2e.maven.runtime_3.8.604.20221130-2149\jars\plexus-component-annotations-2.1.0.jar
2025-07-24 15:30:38,574 [Worker-16: Launching Executing install in D__PROJECT-DOCKER_redis_redisson_redisson-playground] INFO  o.eclipse.m2e.core.internal.Bundles - 	Entry: C:\ProgramData\chocolatey\lib\springtoolsuite\tools\sts-4.17.2.RELEASE\plugins\org.eclipse.m2e.maven.runtime_3.8.604.20221130-2149\jars\plexus-interpolation-1.26.jar
2025-07-24 15:30:38,575 [Worker-16: Launching Executing install in D__PROJECT-DOCKER_redis_redisson_redisson-playground] INFO  o.eclipse.m2e.core.internal.Bundles - 	Entry: C:\ProgramData\chocolatey\lib\springtoolsuite\tools\sts-4.17.2.RELEASE\plugins\org.eclipse.m2e.maven.runtime_3.8.604.20221130-2149\jars\plexus-sec-dispatcher-2.0.jar
2025-07-24 15:30:38,575 [Worker-16: Launching Executing install in D__PROJECT-DOCKER_redis_redisson_redisson-playground] INFO  o.eclipse.m2e.core.internal.Bundles - 	Entry: C:\ProgramData\chocolatey\lib\springtoolsuite\tools\sts-4.17.2.RELEASE\plugins\org.eclipse.m2e.maven.runtime_3.8.604.20221130-2149\jars\plexus-utils-3.3.1.jar
2025-07-24 15:30:38,575 [Worker-16: Launching Executing install in D__PROJECT-DOCKER_redis_redisson_redisson-playground] INFO  o.eclipse.m2e.core.internal.Bundles - 	Entry: C:\ProgramData\chocolatey\lib\springtoolsuite\tools\sts-4.17.2.RELEASE\plugins\org.eclipse.m2e.maven.runtime_3.8.604.20221130-2149\jars\wagon-file-3.5.1.jar
2025-07-24 15:30:38,575 [Worker-16: Launching Executing install in D__PROJECT-DOCKER_redis_redisson_redisson-playground] INFO  o.eclipse.m2e.core.internal.Bundles - 	Entry: C:\ProgramData\chocolatey\lib\springtoolsuite\tools\sts-4.17.2.RELEASE\plugins\org.eclipse.m2e.maven.runtime_3.8.604.20221130-2149\jars\wagon-provider-api-3.5.1.jar
2025-07-24 15:30:38,579 [Worker-16: Launching Executing install in D__PROJECT-DOCKER_redis_redisson_redisson-playground] INFO  o.eclipse.m2e.core.internal.Bundles - getClasspathEntries(Bundle=com.google.guava_32.1.3.jre [1342])
2025-07-24 15:30:38,580 [Worker-16: Launching Executing install in D__PROJECT-DOCKER_redis_redisson_redisson-playground] INFO  o.eclipse.m2e.core.internal.Bundles - 	Entry: C:\Users\ASUS\.eclipse\org.eclipse.platform_4.26.0_90929211_win32_win32_x86_64\plugins\com.google.guava_32.1.3.jre.jar
2025-07-24 15:30:38,580 [Worker-16: Launching Executing install in D__PROJECT-DOCKER_redis_redisson_redisson-playground] INFO  o.eclipse.m2e.core.internal.Bundles - getClasspathEntries(Bundle=slf4j.api_1.7.36 [584])
2025-07-24 15:30:38,580 [Worker-16: Launching Executing install in D__PROJECT-DOCKER_redis_redisson_redisson-playground] INFO  o.eclipse.m2e.core.internal.Bundles - 	Entry: C:\ProgramData\chocolatey\lib\springtoolsuite\tools\sts-4.17.2.RELEASE\plugins\slf4j.api_1.7.36.jar
2025-07-24 15:30:38,580 [Worker-16: Launching Executing install in D__PROJECT-DOCKER_redis_redisson_redisson-playground] INFO  o.eclipse.m2e.core.internal.Bundles - getClasspathEntries(Bundle=javax.inject_1.0.0.v20220405-0441 [49])
2025-07-24 15:30:38,581 [Worker-16: Launching Executing install in D__PROJECT-DOCKER_redis_redisson_redisson-playground] INFO  o.eclipse.m2e.core.internal.Bundles - 	Entry: C:\ProgramData\chocolatey\lib\springtoolsuite\tools\sts-4.17.2.RELEASE\plugins\javax.inject_1.0.0.v20220405-0441.jar
2025-07-24 15:30:38,581 [Worker-16: Launching Executing install in D__PROJECT-DOCKER_redis_redisson_redisson-playground] INFO  o.eclipse.m2e.core.internal.Bundles - getClasspathEntries(Bundle=javax.annotation_1.3.5.v20221112-0806 [47])
2025-07-24 15:30:38,582 [Worker-16: Launching Executing install in D__PROJECT-DOCKER_redis_redisson_redisson-playground] INFO  o.eclipse.m2e.core.internal.Bundles - 	Entry: C:\ProgramData\chocolatey\lib\springtoolsuite\tools\sts-4.17.2.RELEASE\plugins\javax.annotation_1.3.5.v20221112-0806.jar
2025-07-24 15:30:38,582 [Worker-16: Launching Executing install in D__PROJECT-DOCKER_redis_redisson_redisson-playground] INFO  o.eclipse.m2e.core.internal.Bundles - getClasspathEntries(Bundle=com.google.guava.failureaccess_1.0.2 [1344])
2025-07-24 15:30:38,584 [Worker-16: Launching Executing install in D__PROJECT-DOCKER_redis_redisson_redisson-playground] INFO  o.eclipse.m2e.core.internal.Bundles - 	Entry: C:\Users\ASUS\.eclipse\org.eclipse.platform_4.26.0_90929211_win32_win32_x86_64\plugins\com.google.guava.failureaccess_1.0.2.jar
2025-07-24 15:30:38,595 [Worker-16: Launching Executing install in D__PROJECT-DOCKER_redis_redisson_redisson-playground] INFO  o.e.m.i.launch.MavenLaunchDelegate - Run build in "D:\PROJECT-DOCKER\redis\redisson\redisson-playground":
2025-07-24 15:30:38,602 [Worker-16: Launching Executing install in D__PROJECT-DOCKER_redis_redisson_redisson-playground] INFO  o.e.m.i.launch.MavenLaunchDelegate -  mvn  -B -Dstyle.color=always install -Dstyle.color=always
2025-07-24 15:30:49,203 [Worker-15: Launching Executing clean in D__PROJECT-DOCKER_redis_redisson_redisson-playground] INFO  o.e.m.i.launch.MavenLaunchDelegate - Run build in "D:\PROJECT-DOCKER\redis\redisson\redisson-playground":
2025-07-24 15:30:49,203 [Worker-15: Launching Executing clean in D__PROJECT-DOCKER_redis_redisson_redisson-playground] INFO  o.e.m.i.launch.MavenLaunchDelegate -  mvn  -B -Dstyle.color=always clean -Dstyle.color=always
2025-07-24 15:30:56,864 [Worker-19: Build Project] WARN  o.e.m.c.i.embedder.EclipseLogger - Using platform encoding (Cp1252 actually) to copy filtered resources, i.e. build is platform dependent!
2025-07-24 15:30:56,876 [Worker-19: Build Project] INFO  o.e.m.c.i.embedder.EclipseLogger - Copying 0 resource
2025-07-24 15:30:56,878 [Worker-19: Build Project] WARN  o.e.m.c.i.embedder.EclipseLogger - Using platform encoding (Cp1252 actually) to copy filtered resources, i.e. build is platform dependent!
2025-07-24 15:30:56,879 [Worker-19: Build Project] INFO  o.e.m.c.i.embedder.EclipseLogger - Copying 0 resource
2025-07-24 15:31:08,676 [Worker-8: Building Workspace] WARN  o.e.m.c.i.embedder.EclipseLogger - Using platform encoding (Cp1252 actually) to copy filtered resources, i.e. build is platform dependent!
2025-07-24 15:31:08,677 [Worker-8: Building Workspace] INFO  o.e.m.c.i.embedder.EclipseLogger - Copying 0 resource
2025-07-24 15:31:08,679 [Worker-8: Building Workspace] WARN  o.e.m.c.i.embedder.EclipseLogger - Using platform encoding (Cp1252 actually) to copy filtered resources, i.e. build is platform dependent!
2025-07-24 15:31:08,680 [Worker-8: Building Workspace] INFO  o.e.m.c.i.embedder.EclipseLogger - Copying 0 resource
2025-07-24 15:31:28,994 [Worker-20: Download sources and javadoc] INFO  o.e.m.c.i.e.AbstractTransferListenerAdapter - Downloading https://repo.maven.apache.org/maven2/org/redisson/redisson/3.47.0/redisson-3.47.0-javadoc.jar
2025-07-24 15:31:31,967 [Worker-20: Download sources and javadoc] INFO  o.e.m.c.i.e.AbstractTransferListenerAdapter - Downloaded https://repo.maven.apache.org/maven2/org/redisson/redisson/3.47.0/redisson-3.47.0-javadoc.jar
2025-07-24 15:31:31,970 [Worker-20: Download sources and javadoc] INFO  o.e.m.j.internal.DownloadSourcesJob - Downloaded javadoc for org.redisson:redisson:3.47.0
2025-07-24 15:31:31,974 [Worker-20: Download sources and javadoc] INFO  o.e.m.j.internal.DownloadSourcesJob - Downloaded javadoc for io.netty:netty-common:4.1.121.Final
2025-07-24 15:31:31,976 [Worker-20: Download sources and javadoc] INFO  o.e.m.j.internal.DownloadSourcesJob - Downloaded javadoc for io.netty:netty-codec:4.1.121.Final
2025-07-24 15:31:31,979 [Worker-20: Download sources and javadoc] INFO  o.e.m.j.internal.DownloadSourcesJob - Downloaded javadoc for io.netty:netty-buffer:4.1.121.Final
2025-07-24 15:31:31,981 [Worker-20: Download sources and javadoc] INFO  o.e.m.j.internal.DownloadSourcesJob - Downloaded javadoc for io.netty:netty-transport:4.1.121.Final
2025-07-24 15:31:31,983 [Worker-20: Download sources and javadoc] INFO  o.e.m.j.internal.DownloadSourcesJob - Downloaded javadoc for io.netty:netty-resolver:4.1.121.Final
2025-07-24 15:31:31,986 [Worker-20: Download sources and javadoc] INFO  o.e.m.j.internal.DownloadSourcesJob - Downloaded javadoc for io.netty:netty-resolver-dns:4.1.121.Final
2025-07-24 15:31:31,988 [Worker-20: Download sources and javadoc] INFO  o.e.m.j.internal.DownloadSourcesJob - Downloaded javadoc for io.netty:netty-codec-dns:4.1.121.Final
2025-07-24 15:31:31,991 [Worker-20: Download sources and javadoc] INFO  o.e.m.j.internal.DownloadSourcesJob - Downloaded javadoc for io.netty:netty-handler:4.1.121.Final
2025-07-24 15:31:31,993 [Worker-20: Download sources and javadoc] INFO  o.e.m.j.internal.DownloadSourcesJob - Downloaded javadoc for io.netty:netty-transport-native-unix-common:4.1.121.Final
2025-07-24 15:31:32,291 [Worker-20: Download sources and javadoc] INFO  o.e.m.c.i.e.AbstractTransferListenerAdapter - Downloading https://repo.maven.apache.org/maven2/javax/cache/cache-api/1.1.1/cache-api-1.1.1-javadoc.jar
2025-07-24 15:31:33,295 [Worker-20: Download sources and javadoc] INFO  o.e.m.c.i.e.AbstractTransferListenerAdapter - Downloaded https://repo.maven.apache.org/maven2/javax/cache/cache-api/1.1.1/cache-api-1.1.1-javadoc.jar
2025-07-24 15:31:33,297 [Worker-20: Download sources and javadoc] INFO  o.e.m.j.internal.DownloadSourcesJob - Downloaded javadoc for javax.cache:cache-api:1.1.1
2025-07-24 15:31:33,299 [Worker-20: Download sources and javadoc] INFO  o.e.m.j.internal.DownloadSourcesJob - Downloaded javadoc for io.projectreactor:reactor-core:3.7.6
2025-07-24 15:31:33,301 [Worker-20: Download sources and javadoc] INFO  o.e.m.j.internal.DownloadSourcesJob - Downloaded javadoc for org.reactivestreams:reactive-streams:1.0.4
2025-07-24 15:31:33,389 [Worker-20: Download sources and javadoc] INFO  o.e.m.c.i.e.AbstractTransferListenerAdapter - Downloading https://repo.maven.apache.org/maven2/io/reactivex/rxjava3/rxjava/3.1.8/rxjava-3.1.8-javadoc.jar
2025-07-24 15:31:33,941 [Worker-20: Download sources and javadoc] INFO  o.e.m.c.i.e.AbstractTransferListenerAdapter - Downloaded https://repo.maven.apache.org/maven2/io/reactivex/rxjava3/rxjava/3.1.8/rxjava-3.1.8-javadoc.jar
2025-07-24 15:31:33,944 [Worker-20: Download sources and javadoc] INFO  o.e.m.j.internal.DownloadSourcesJob - Downloaded javadoc for io.reactivex.rxjava3:rxjava:3.1.8
2025-07-24 15:31:34,036 [Worker-20: Download sources and javadoc] INFO  o.e.m.c.i.e.AbstractTransferListenerAdapter - Downloading https://repo.maven.apache.org/maven2/com/esotericsoftware/kryo/5.6.2/kryo-5.6.2-javadoc.jar
2025-07-24 15:31:34,802 [Worker-20: Download sources and javadoc] INFO  o.e.m.c.i.e.AbstractTransferListenerAdapter - Downloaded https://repo.maven.apache.org/maven2/com/esotericsoftware/kryo/5.6.2/kryo-5.6.2-javadoc.jar
2025-07-24 15:31:34,804 [Worker-20: Download sources and javadoc] INFO  o.e.m.j.internal.DownloadSourcesJob - Downloaded javadoc for com.esotericsoftware:kryo:5.6.2
2025-07-24 15:31:34,893 [Worker-20: Download sources and javadoc] INFO  o.e.m.c.i.e.AbstractTransferListenerAdapter - Downloading https://repo.maven.apache.org/maven2/com/esotericsoftware/reflectasm/1.11.9/reflectasm-1.11.9-javadoc.jar
2025-07-24 15:31:35,160 [Worker-20: Download sources and javadoc] INFO  o.e.m.c.i.e.AbstractTransferListenerAdapter - Downloaded https://repo.maven.apache.org/maven2/com/esotericsoftware/reflectasm/1.11.9/reflectasm-1.11.9-javadoc.jar
2025-07-24 15:31:35,162 [Worker-20: Download sources and javadoc] INFO  o.e.m.j.internal.DownloadSourcesJob - Downloaded javadoc for com.esotericsoftware:reflectasm:1.11.9
2025-07-24 15:31:35,251 [Worker-20: Download sources and javadoc] INFO  o.e.m.c.i.e.AbstractTransferListenerAdapter - Downloading https://repo.maven.apache.org/maven2/org/objenesis/objenesis/3.4/objenesis-3.4-javadoc.jar
2025-07-24 15:31:35,459 [Worker-20: Download sources and javadoc] INFO  o.e.m.c.i.e.AbstractTransferListenerAdapter - Downloaded https://repo.maven.apache.org/maven2/org/objenesis/objenesis/3.4/objenesis-3.4-javadoc.jar
2025-07-24 15:31:35,462 [Worker-20: Download sources and javadoc] INFO  o.e.m.j.internal.DownloadSourcesJob - Downloaded javadoc for org.objenesis:objenesis:3.4
2025-07-24 15:31:35,553 [Worker-20: Download sources and javadoc] INFO  o.e.m.c.i.e.AbstractTransferListenerAdapter - Downloading https://repo.maven.apache.org/maven2/com/esotericsoftware/minlog/1.3.1/minlog-1.3.1-javadoc.jar
2025-07-24 15:31:35,594 [Worker-20: Download sources and javadoc] INFO  o.e.m.c.i.e.AbstractTransferListenerAdapter - Downloaded https://repo.maven.apache.org/maven2/com/esotericsoftware/minlog/1.3.1/minlog-1.3.1-javadoc.jar
2025-07-24 15:31:35,596 [Worker-20: Download sources and javadoc] INFO  o.e.m.j.internal.DownloadSourcesJob - Downloaded javadoc for com.esotericsoftware:minlog:1.3.1
2025-07-24 15:31:35,599 [Worker-20: Download sources and javadoc] INFO  o.e.m.j.internal.DownloadSourcesJob - Downloaded javadoc for org.slf4j:slf4j-api:2.0.16
2025-07-24 15:31:35,601 [Worker-20: Download sources and javadoc] INFO  o.e.m.j.internal.DownloadSourcesJob - Downloaded javadoc for com.fasterxml.jackson.core:jackson-annotations:2.18.2
2025-07-24 15:31:35,604 [Worker-20: Download sources and javadoc] INFO  o.e.m.j.internal.DownloadSourcesJob - Downloaded javadoc for com.fasterxml.jackson.dataformat:jackson-dataformat-yaml:2.18.2
2025-07-24 15:31:35,606 [Worker-20: Download sources and javadoc] INFO  o.e.m.j.internal.DownloadSourcesJob - Downloaded javadoc for org.yaml:snakeyaml:2.3
2025-07-24 15:31:35,609 [Worker-20: Download sources and javadoc] INFO  o.e.m.j.internal.DownloadSourcesJob - Downloaded javadoc for com.fasterxml.jackson.core:jackson-core:2.18.2
2025-07-24 15:31:35,611 [Worker-20: Download sources and javadoc] INFO  o.e.m.j.internal.DownloadSourcesJob - Downloaded javadoc for com.fasterxml.jackson.core:jackson-databind:2.18.2
2025-07-24 15:31:35,701 [Worker-20: Download sources and javadoc] INFO  o.e.m.c.i.e.AbstractTransferListenerAdapter - Downloading https://repo.maven.apache.org/maven2/net/bytebuddy/byte-buddy/1.15.3/byte-buddy-1.15.3-javadoc.jar
2025-07-24 15:31:41,497 [Worker-20: Download sources and javadoc] INFO  o.e.m.c.i.e.AbstractTransferListenerAdapter - Downloaded https://repo.maven.apache.org/maven2/net/bytebuddy/byte-buddy/1.15.3/byte-buddy-1.15.3-javadoc.jar
2025-07-24 15:31:41,499 [Worker-20: Download sources and javadoc] INFO  o.e.m.j.internal.DownloadSourcesJob - Downloaded javadoc for net.bytebuddy:byte-buddy:1.15.3
2025-07-24 15:31:41,595 [Worker-20: Download sources and javadoc] INFO  o.e.m.c.i.e.AbstractTransferListenerAdapter - Downloading https://repo.maven.apache.org/maven2/org/jodd/jodd-util/6.3.0/jodd-util-6.3.0-javadoc.jar
2025-07-24 15:31:41,849 [Worker-20: Download sources and javadoc] INFO  o.e.m.c.i.e.AbstractTransferListenerAdapter - Downloaded https://repo.maven.apache.org/maven2/org/jodd/jodd-util/6.3.0/jodd-util-6.3.0-javadoc.jar
2025-07-24 15:31:41,851 [Worker-20: Download sources and javadoc] INFO  o.e.m.j.internal.DownloadSourcesJob - Downloaded javadoc for org.jodd:jodd-util:6.3.0
2025-07-24 15:31:41,855 [Worker-20: Download sources and javadoc] INFO  o.e.m.j.internal.DownloadSourcesJob - Downloaded javadoc for org.projectlombok:lombok:1.18.36
2025-07-24 15:31:41,948 [Worker-20: Download sources and javadoc] INFO  o.e.m.c.i.e.AbstractTransferListenerAdapter - Downloading https://repo.maven.apache.org/maven2/io/projectreactor/reactor-test/3.7.6/reactor-test-3.7.6-javadoc.jar
2025-07-24 15:31:42,305 [Worker-20: Download sources and javadoc] INFO  o.e.m.c.i.e.AbstractTransferListenerAdapter - Downloaded https://repo.maven.apache.org/maven2/io/projectreactor/reactor-test/3.7.6/reactor-test-3.7.6-javadoc.jar
2025-07-24 15:31:42,307 [Worker-20: Download sources and javadoc] INFO  o.e.m.j.internal.DownloadSourcesJob - Downloaded javadoc for io.projectreactor:reactor-test:3.7.6
2025-07-24 15:31:42,407 [Worker-20: Download sources and javadoc] INFO  o.e.m.c.i.e.AbstractTransferListenerAdapter - Downloading https://repo.maven.apache.org/maven2/org/junit/jupiter/junit-jupiter-engine/5.11.3/junit-jupiter-engine-5.11.3-javadoc.jar
2025-07-24 15:31:43,610 [Worker-20: Download sources and javadoc] INFO  o.e.m.c.i.e.AbstractTransferListenerAdapter - Downloaded https://repo.maven.apache.org/maven2/org/junit/jupiter/junit-jupiter-engine/5.11.3/junit-jupiter-engine-5.11.3-javadoc.jar
2025-07-24 15:31:43,614 [Worker-20: Download sources and javadoc] INFO  o.e.m.j.internal.DownloadSourcesJob - Downloaded javadoc for org.junit.jupiter:junit-jupiter-engine:5.11.3
2025-07-24 15:31:43,725 [Worker-20: Download sources and javadoc] INFO  o.e.m.c.i.e.AbstractTransferListenerAdapter - Downloading https://repo.maven.apache.org/maven2/org/junit/platform/junit-platform-engine/1.11.3/junit-platform-engine-1.11.3-javadoc.jar
2025-07-24 15:31:43,971 [Worker-20: Download sources and javadoc] INFO  o.e.m.c.i.e.AbstractTransferListenerAdapter - Downloaded https://repo.maven.apache.org/maven2/org/junit/platform/junit-platform-engine/1.11.3/junit-platform-engine-1.11.3-javadoc.jar
2025-07-24 15:31:43,974 [Worker-20: Download sources and javadoc] INFO  o.e.m.j.internal.DownloadSourcesJob - Downloaded javadoc for org.junit.platform:junit-platform-engine:1.11.3
2025-07-24 15:31:43,977 [Worker-20: Download sources and javadoc] INFO  o.e.m.j.internal.DownloadSourcesJob - Downloaded javadoc for org.opentest4j:opentest4j:1.3.0
2025-07-24 15:31:44,067 [Worker-20: Download sources and javadoc] INFO  o.e.m.c.i.e.AbstractTransferListenerAdapter - Downloading https://repo.maven.apache.org/maven2/org/junit/platform/junit-platform-commons/1.11.3/junit-platform-commons-1.11.3-javadoc.jar
2025-07-24 15:31:44,316 [Worker-20: Download sources and javadoc] INFO  o.e.m.c.i.e.AbstractTransferListenerAdapter - Downloaded https://repo.maven.apache.org/maven2/org/junit/platform/junit-platform-commons/1.11.3/junit-platform-commons-1.11.3-javadoc.jar
2025-07-24 15:31:44,318 [Worker-20: Download sources and javadoc] INFO  o.e.m.j.internal.DownloadSourcesJob - Downloaded javadoc for org.junit.platform:junit-platform-commons:1.11.3
2025-07-24 15:31:44,432 [Worker-20: Download sources and javadoc] INFO  o.e.m.c.i.e.AbstractTransferListenerAdapter - Downloading https://repo.maven.apache.org/maven2/org/junit/jupiter/junit-jupiter-api/5.11.3/junit-jupiter-api-5.11.3-javadoc.jar
2025-07-24 15:31:44,977 [Worker-20: Download sources and javadoc] INFO  o.e.m.c.i.e.AbstractTransferListenerAdapter - Downloaded https://repo.maven.apache.org/maven2/org/junit/jupiter/junit-jupiter-api/5.11.3/junit-jupiter-api-5.11.3-javadoc.jar
2025-07-24 15:31:44,979 [Worker-20: Download sources and javadoc] INFO  o.e.m.j.internal.DownloadSourcesJob - Downloaded javadoc for org.junit.jupiter:junit-jupiter-api:5.11.3
2025-07-24 15:31:44,982 [Worker-20: Download sources and javadoc] INFO  o.e.m.j.internal.DownloadSourcesJob - Downloaded javadoc for org.apiguardian:apiguardian-api:1.1.2
2025-07-24 15:31:54,654 [Worker-14: Updating Maven Project] INFO  o.e.m.c.i.p.ProjectConfigurationManager - Update started
2025-07-24 15:31:54,870 [Worker-14: Updating Maven Project] INFO  o.e.m.c.i.l.LifecycleMappingFactory - Using org.eclipse.m2e.jdt.JarLifecycleMapping lifecycle mapping for MavenProject: com.redisson:redisson-playground:1.0-SNAPSHOT @ D:\PROJECT-DOCKER\redis\redisson\redisson-playground\pom.xml.
2025-07-24 15:31:55,097 [Worker-14: Updating Maven Project] INFO  o.e.m.j.i.AbstractJavaProjectConfigurator - Adding source folder /redisson-playground/src/main/java
2025-07-24 15:31:55,097 [Worker-14: Updating Maven Project] INFO  o.e.m.j.i.AbstractJavaProjectConfigurator - Adding resource folder /redisson-playground/src/main/resources
2025-07-24 15:31:55,098 [Worker-14: Updating Maven Project] INFO  o.e.m.j.i.AbstractJavaProjectConfigurator - Adding source folder /redisson-playground/src/test/java
2025-07-24 15:31:55,098 [Worker-14: Updating Maven Project] INFO  o.e.m.j.i.AbstractJavaProjectConfigurator - Adding resource folder /redisson-playground/src/test/resources
2025-07-24 15:31:55,098 [Worker-14: Updating Maven Project] ERROR o.e.m.j.i.AbstractJavaProjectConfigurator - Failed to find a compatible VM for environment id 'JavaSE-19', falling back to workspace default
2025-07-24 15:31:55,267 [Worker-14: Updating Maven Project] INFO  o.e.m.c.i.p.ProjectConfigurationManager - Update completed for 1 poms: local refresh takes 0.00 sec, refresh facades takes 0.00 sec, update config takes 0.00 sec 
2025-07-24 15:32:05,054 [Worker-14: Build Project] WARN  o.e.m.c.i.embedder.EclipseLogger - Using platform encoding (Cp1252 actually) to copy filtered resources, i.e. build is platform dependent!
2025-07-24 15:32:05,055 [Worker-14: Build Project] INFO  o.e.m.c.i.embedder.EclipseLogger - Copying 0 resource
2025-07-24 15:32:05,057 [Worker-14: Build Project] WARN  o.e.m.c.i.embedder.EclipseLogger - Using platform encoding (Cp1252 actually) to copy filtered resources, i.e. build is platform dependent!
2025-07-24 15:32:05,058 [Worker-14: Build Project] INFO  o.e.m.c.i.embedder.EclipseLogger - Copying 0 resource
